INFO: Step 0 
INFO: Energy 0 
INFO: Cells 193
INFO: Step 0 Flips 451/22500 Energy 1304 Cells 193 Inventory=193
Metropolis Fast
total number of pixel copy attempts=22500

INFO: Step 10 Flips 625/22500 Energy -197 Cells 193 Inventory=193


INFO: Step 20 Flips 665/22500 Energy 67 Cells 193 Inventory=193


INFO: Step 30 Flips 681/22500 Energy 143 Cells 193 Inventory=193


INFO: Step 40 Flips 699/22500 Energy -326 Cells 193 Inventory=193


INFO: Step 50 Flips 718/22500 Energy 23 Cells 193 Inventory=193


INFO: Step 60 Flips 696/22500 Energy 262 Cells 193 Inventory=193


INFO: Step 70 Flips 654/22500 Energy 127 Cells 193 Inventory=193


INFO: Step 80 Flips 694/22500 Energy -213 Cells 193 Inventory=193


INFO: Step 90 Flips 683/22500 Energy 72 Cells 193 Inventory=193


INFO: Step 100 Flips 650/22500 Energy 482 Cells 193 Inventory=193


INFO: Step 110 Flips 696/22500 Energy -323 Cells 193 Inventory=193


INFO: Step 120 Flips 669/22500 Energy -382 Cells 193 Inventory=193


INFO: Step 130 Flips 724/22500 Energy -175 Cells 193 Inventory=193


INFO: Step 140 Flips 652/22500 Energy 263 Cells 193 Inventory=193


INFO: Step 150 Flips 642/22500 Energy -279 Cells 193 Inventory=193


INFO: Step 160 Flips 749/22500 Energy -326 Cells 193 Inventory=193


INFO: Step 170 Flips 740/22500 Energy -209 Cells 193 Inventory=193


INFO: Step 180 Flips 741/22500 Energy 517 Cells 193 Inventory=193


INFO: Step 190 Flips 677/22500 Energy 129 Cells 193 Inventory=193


INFO: Step 200 Flips 715/22500 Energy -261 Cells 193 Inventory=193


INFO: Step 210 Flips 723/22500 Energy 362 Cells 193 Inventory=193


INFO: Step 220 Flips 673/22500 Energy 680 Cells 193 Inventory=193


INFO: Step 230 Flips 663/22500 Energy -70 Cells 193 Inventory=193


INFO: Step 240 Flips 678/22500 Energy -277 Cells 193 Inventory=193


INFO: Step 250 Flips 645/22500 Energy -49 Cells 193 Inventory=193


INFO: Step 260 Flips 683/22500 Energy 135 Cells 193 Inventory=193


INFO: Step 270 Flips 640/22500 Energy 301 Cells 193 Inventory=193


INFO: Step 280 Flips 690/22500 Energy -263 Cells 193 Inventory=193


INFO: Step 290 Flips 745/22500 Energy -200 Cells 193 Inventory=193


INFO: Step 300 Flips 702/22500 Energy -188 Cells 193 Inventory=193


INFO: Step 310 Flips 660/22500 Energy 361 Cells 193 Inventory=193


INFO: Step 320 Flips 684/22500 Energy -270 Cells 193 Inventory=193


INFO: Step 330 Flips 685/22500 Energy -80 Cells 193 Inventory=193


INFO: Step 340 Flips 729/22500 Energy -78 Cells 193 Inventory=193


INFO: Step 350 Flips 691/22500 Energy -219 Cells 193 Inventory=193


INFO: Step 360 Flips 701/22500 Energy -120 Cells 193 Inventory=193


INFO: Step 370 Flips 714/22500 Energy 56 Cells 193 Inventory=193


INFO: Step 380 Flips 677/22500 Energy 24 Cells 193 Inventory=193


INFO: Step 390 Flips 739/22500 Energy -258 Cells 193 Inventory=193


INFO: Step 400 Flips 731/22500 Energy 156 Cells 193 Inventory=193


INFO: Step 410 Flips 698/22500 Energy 241 Cells 193 Inventory=193


INFO: Step 420 Flips 752/22500 Energy 133 Cells 193 Inventory=193


INFO: Step 430 Flips 758/22500 Energy -6 Cells 193 Inventory=193


INFO: Step 440 Flips 694/22500 Energy 128 Cells 193 Inventory=193


INFO: Step 450 Flips 701/22500 Energy 10 Cells 193 Inventory=193


INFO: Step 460 Flips 728/22500 Energy -145 Cells 193 Inventory=193


INFO: Step 470 Flips 711/22500 Energy -64 Cells 193 Inventory=193


INFO: Step 480 Flips 716/22500 Energy -182 Cells 193 Inventory=193


INFO: Step 490 Flips 688/22500 Energy 144 Cells 193 Inventory=193


INFO: Step 500 Flips 747/22500 Energy 448 Cells 193 Inventory=193


INFO: Step 510 Flips 742/22500 Energy 262 Cells 193 Inventory=193


INFO: Step 520 Flips 696/22500 Energy 7 Cells 193 Inventory=193


INFO: Step 530 Flips 708/22500 Energy -118 Cells 193 Inventory=193


INFO: Step 540 Flips 670/22500 Energy -289 Cells 193 Inventory=193


INFO: Step 550 Flips 665/22500 Energy 81 Cells 193 Inventory=193


INFO: Step 560 Flips 698/22500 Energy 324 Cells 193 Inventory=193


INFO: Step 570 Flips 713/22500 Energy -14 Cells 193 Inventory=193


INFO: Step 580 Flips 693/22500 Energy -292 Cells 193 Inventory=193


INFO: Step 590 Flips 706/22500 Energy 373 Cells 193 Inventory=193


INFO: Step 600 Flips 770/22500 Energy 66 Cells 193 Inventory=193


INFO: Step 610 Flips 722/22500 Energy -146 Cells 193 Inventory=193


INFO: Step 620 Flips 716/22500 Energy 283 Cells 193 Inventory=193


INFO: Step 630 Flips 710/22500 Energy -139 Cells 193 Inventory=193


INFO: Step 640 Flips 723/22500 Energy -7 Cells 193 Inventory=193


INFO: Step 650 Flips 700/22500 Energy 71 Cells 193 Inventory=193


INFO: Step 660 Flips 688/22500 Energy 140 Cells 193 Inventory=193


INFO: Step 670 Flips 665/22500 Energy -115 Cells 193 Inventory=193


INFO: Step 680 Flips 723/22500 Energy 162 Cells 193 Inventory=193


INFO: Step 690 Flips 765/22500 Energy 116 Cells 193 Inventory=193


INFO: Step 700 Flips 726/22500 Energy 234 Cells 193 Inventory=193


INFO: Step 710 Flips 716/22500 Energy 0 Cells 193 Inventory=193


INFO: Step 720 Flips 697/22500 Energy 103 Cells 193 Inventory=193


INFO: Step 730 Flips 751/22500 Energy 219 Cells 193 Inventory=193


INFO: Step 740 Flips 693/22500 Energy -18 Cells 193 Inventory=193


INFO: Step 750 Flips 744/22500 Energy -427 Cells 193 Inventory=193


INFO: Step 760 Flips 770/22500 Energy -5 Cells 193 Inventory=193


INFO: Step 770 Flips 678/22500 Energy -90 Cells 193 Inventory=193


INFO: Step 780 Flips 748/22500 Energy -191 Cells 193 Inventory=193


INFO: Step 790 Flips 743/22500 Energy -99 Cells 193 Inventory=193


INFO: Step 800 Flips 764/22500 Energy 102 Cells 193 Inventory=193


INFO: Step 810 Flips 774/22500 Energy -175 Cells 193 Inventory=193


INFO: Step 820 Flips 721/22500 Energy 531 Cells 193 Inventory=193


INFO: Step 830 Flips 729/22500 Energy -4 Cells 193 Inventory=193


INFO: Step 840 Flips 806/22500 Energy -15 Cells 193 Inventory=193


INFO: Step 850 Flips 702/22500 Energy -93 Cells 193 Inventory=193


INFO: Step 860 Flips 688/22500 Energy 406 Cells 193 Inventory=193


INFO: Step 870 Flips 722/22500 Energy 14 Cells 193 Inventory=193


INFO: Step 880 Flips 767/22500 Energy -153 Cells 193 Inventory=193


INFO: Step 890 Flips 749/22500 Energy 113 Cells 193 Inventory=193


INFO: Step 900 Flips 692/22500 Energy 225 Cells 193 Inventory=193


INFO: Step 910 Flips 690/22500 Energy -196 Cells 193 Inventory=193


INFO: Step 920 Flips 722/22500 Energy 254 Cells 193 Inventory=193


INFO: Step 930 Flips 704/22500 Energy -185 Cells 193 Inventory=193


INFO: Step 940 Flips 689/22500 Energy 173 Cells 193 Inventory=193


INFO: Step 950 Flips 750/22500 Energy -28 Cells 193 Inventory=193


INFO: Step 960 Flips 688/22500 Energy 36 Cells 193 Inventory=193


INFO: Step 970 Flips 753/22500 Energy 150 Cells 193 Inventory=193


INFO: Step 980 Flips 721/22500 Energy -283 Cells 193 Inventory=193


INFO: Step 990 Flips 725/22500 Energy -13 Cells 193 Inventory=193


INFO: Step 1000 Flips 688/22500 Energy -156 Cells 193 Inventory=193


INFO: Step 1010 Flips 739/22500 Energy -207 Cells 193 Inventory=193


INFO: Step 1020 Flips 772/22500 Energy 40 Cells 193 Inventory=193


INFO: Step 1030 Flips 720/22500 Energy 341 Cells 193 Inventory=193


INFO: Step 1040 Flips 723/22500 Energy 188 Cells 193 Inventory=193


INFO: Step 1050 Flips 701/22500 Energy 135 Cells 193 Inventory=193


INFO: Step 1060 Flips 676/22500 Energy -1 Cells 193 Inventory=193


INFO: Step 1070 Flips 703/22500 Energy 156 Cells 193 Inventory=193


INFO: Step 1080 Flips 700/22500 Energy 253 Cells 193 Inventory=193


INFO: Step 1090 Flips 753/22500 Energy 110 Cells 193 Inventory=193


INFO: Step 1100 Flips 668/22500 Energy -339 Cells 193 Inventory=193


INFO: Step 1110 Flips 704/22500 Energy -483 Cells 193 Inventory=193


INFO: Step 1120 Flips 769/22500 Energy 18 Cells 193 Inventory=193


INFO: Step 1130 Flips 717/22500 Energy -109 Cells 193 Inventory=193


INFO: Step 1140 Flips 640/22500 Energy -370 Cells 193 Inventory=193


INFO: Step 1150 Flips 685/22500 Energy -35 Cells 193 Inventory=193


INFO: Step 1160 Flips 688/22500 Energy 356 Cells 193 Inventory=193


INFO: Step 1170 Flips 669/22500 Energy 217 Cells 193 Inventory=193


INFO: Step 1180 Flips 698/22500 Energy 41 Cells 193 Inventory=193


INFO: Step 1190 Flips 761/22500 Energy -104 Cells 193 Inventory=193


INFO: Step 1200 Flips 742/22500 Energy 122 Cells 193 Inventory=193


INFO: Step 1210 Flips 743/22500 Energy 28 Cells 193 Inventory=193


INFO: Step 1220 Flips 749/22500 Energy 371 Cells 193 Inventory=193


INFO: Step 1230 Flips 731/22500 Energy 187 Cells 193 Inventory=193


INFO: Step 1240 Flips 723/22500 Energy -234 Cells 193 Inventory=193


INFO: Step 1250 Flips 702/22500 Energy 175 Cells 193 Inventory=193


INFO: Step 1260 Flips 660/22500 Energy 11 Cells 193 Inventory=193


INFO: Step 1270 Flips 715/22500 Energy -251 Cells 193 Inventory=193


INFO: Step 1280 Flips 695/22500 Energy 100 Cells 193 Inventory=193


INFO: Step 1290 Flips 692/22500 Energy -14 Cells 193 Inventory=193


INFO: Step 1300 Flips 714/22500 Energy -86 Cells 193 Inventory=193


INFO: Step 1310 Flips 636/22500 Energy -62 Cells 193 Inventory=193


INFO: Step 1320 Flips 659/22500 Energy 282 Cells 193 Inventory=193


INFO: Step 1330 Flips 730/22500 Energy -132 Cells 193 Inventory=193


INFO: Step 1340 Flips 739/22500 Energy 7 Cells 193 Inventory=193


INFO: Step 1350 Flips 738/22500 Energy -290 Cells 193 Inventory=193


INFO: Step 1360 Flips 740/22500 Energy -266 Cells 193 Inventory=193


INFO: Step 1370 Flips 677/22500 Energy 371 Cells 193 Inventory=193


INFO: Step 1380 Flips 746/22500 Energy -63 Cells 193 Inventory=193


INFO: Step 1390 Flips 688/22500 Energy -281 Cells 193 Inventory=193


INFO: Step 1400 Flips 696/22500 Energy -386 Cells 193 Inventory=193


INFO: Step 1410 Flips 694/22500 Energy -119 Cells 193 Inventory=193


INFO: Step 1420 Flips 738/22500 Energy -138 Cells 193 Inventory=193


INFO: Step 1430 Flips 728/22500 Energy 83 Cells 193 Inventory=193


INFO: Step 1440 Flips 748/22500 Energy 261 Cells 193 Inventory=193


INFO: Step 1450 Flips 747/22500 Energy -278 Cells 193 Inventory=193


INFO: Step 1460 Flips 666/22500 Energy 242 Cells 193 Inventory=193


INFO: Step 1470 Flips 754/22500 Energy -325 Cells 193 Inventory=193


INFO: Step 1480 Flips 690/22500 Energy 419 Cells 193 Inventory=193


INFO: Step 1490 Flips 718/22500 Energy -137 Cells 193 Inventory=193


INFO: Step 1500 Flips 679/22500 Energy 109 Cells 193 Inventory=193


INFO: Step 1510 Flips 692/22500 Energy 159 Cells 193 Inventory=193


INFO: Step 1520 Flips 763/22500 Energy 256 Cells 193 Inventory=193


INFO: Step 1530 Flips 722/22500 Energy -175 Cells 193 Inventory=193


INFO: Step 1540 Flips 694/22500 Energy -214 Cells 193 Inventory=193


INFO: Step 1550 Flips 698/22500 Energy 67 Cells 193 Inventory=193


INFO: Step 1560 Flips 761/22500 Energy 244 Cells 193 Inventory=193


INFO: Step 1570 Flips 717/22500 Energy 225 Cells 193 Inventory=193


INFO: Step 1580 Flips 675/22500 Energy -368 Cells 193 Inventory=193


INFO: Step 1590 Flips 761/22500 Energy 206 Cells 193 Inventory=193


INFO: Step 1600 Flips 764/22500 Energy -120 Cells 193 Inventory=193


INFO: Step 1610 Flips 704/22500 Energy 32 Cells 193 Inventory=193


INFO: Step 1620 Flips 777/22500 Energy -128 Cells 193 Inventory=193


INFO: Step 1630 Flips 704/22500 Energy 479 Cells 193 Inventory=193


INFO: Step 1640 Flips 804/22500 Energy 31 Cells 193 Inventory=193


INFO: Step 1650 Flips 756/22500 Energy -214 Cells 193 Inventory=193


INFO: Step 1660 Flips 725/22500 Energy 2 Cells 193 Inventory=193


INFO: Step 1670 Flips 701/22500 Energy 58 Cells 193 Inventory=193


INFO: Step 1680 Flips 731/22500 Energy 224 Cells 193 Inventory=193


INFO: Step 1690 Flips 677/22500 Energy 327 Cells 193 Inventory=193


INFO: Step 1700 Flips 702/22500 Energy 326 Cells 193 Inventory=193


INFO: Step 1710 Flips 738/22500 Energy 114 Cells 193 Inventory=193


INFO: Step 1720 Flips 752/22500 Energy -441 Cells 193 Inventory=193


INFO: Step 1730 Flips 768/22500 Energy -235 Cells 193 Inventory=193


INFO: Step 1740 Flips 742/22500 Energy -440 Cells 193 Inventory=193


INFO: Step 1750 Flips 786/22500 Energy 255 Cells 193 Inventory=193


INFO: Step 1760 Flips 752/22500 Energy -132 Cells 193 Inventory=193


INFO: Step 1770 Flips 724/22500 Energy -318 Cells 193 Inventory=193


INFO: Step 1780 Flips 674/22500 Energy -410 Cells 193 Inventory=193


INFO: Step 1790 Flips 701/22500 Energy 287 Cells 193 Inventory=193


INFO: Step 1800 Flips 753/22500 Energy 148 Cells 193 Inventory=193


INFO: Step 1810 Flips 717/22500 Energy -16 Cells 193 Inventory=193


INFO: Step 1820 Flips 706/22500 Energy 311 Cells 193 Inventory=193


INFO: Step 1830 Flips 755/22500 Energy -73 Cells 193 Inventory=193


INFO: Step 1840 Flips 819/22500 Energy 158 Cells 193 Inventory=193


INFO: Step 1850 Flips 742/22500 Energy 96 Cells 193 Inventory=193


INFO: Step 1860 Flips 742/22500 Energy -317 Cells 193 Inventory=193


INFO: Step 1870 Flips 721/22500 Energy 153 Cells 193 Inventory=193


INFO: Step 1880 Flips 727/22500 Energy 90 Cells 193 Inventory=193


INFO: Step 1890 Flips 770/22500 Energy -38 Cells 193 Inventory=193


INFO: Step 1900 Flips 759/22500 Energy -157 Cells 193 Inventory=193


INFO: Step 1910 Flips 717/22500 Energy -212 Cells 193 Inventory=193


INFO: Step 1920 Flips 725/22500 Energy -358 Cells 193 Inventory=193


INFO: Step 1930 Flips 677/22500 Energy 109 Cells 193 Inventory=193


INFO: Step 1940 Flips 729/22500 Energy 75 Cells 193 Inventory=193


INFO: Step 1950 Flips 727/22500 Energy 49 Cells 193 Inventory=193


INFO: Step 1960 Flips 735/22500 Energy 9 Cells 193 Inventory=193


INFO: Step 1970 Flips 741/22500 Energy -375 Cells 193 Inventory=193


INFO: Step 1980 Flips 792/22500 Energy -265 Cells 193 Inventory=193


INFO: Step 1990 Flips 729/22500 Energy 334 Cells 193 Inventory=193


INFO: Step 2000 Flips 766/22500 Energy 162 Cells 193 Inventory=193


INFO: Step 2010 Flips 688/22500 Energy 232 Cells 193 Inventory=193


INFO: Step 2020 Flips 712/22500 Energy -459 Cells 193 Inventory=193


INFO: Step 2030 Flips 747/22500 Energy -151 Cells 193 Inventory=193


INFO: Step 2040 Flips 744/22500 Energy -245 Cells 193 Inventory=193


INFO: Step 2050 Flips 716/22500 Energy 18 Cells 193 Inventory=193


INFO: Step 2060 Flips 757/22500 Energy 527 Cells 193 Inventory=193


INFO: Step 2070 Flips 723/22500 Energy -285 Cells 193 Inventory=193


INFO: Step 2080 Flips 708/22500 Energy -72 Cells 193 Inventory=193


INFO: Step 2090 Flips 769/22500 Energy -96 Cells 193 Inventory=193


INFO: Step 2100 Flips 763/22500 Energy -66 Cells 193 Inventory=193


INFO: Step 2110 Flips 721/22500 Energy 138 Cells 193 Inventory=193


INFO: Step 2120 Flips 765/22500 Energy -71 Cells 193 Inventory=193


INFO: Step 2130 Flips 761/22500 Energy 77 Cells 193 Inventory=193


INFO: Step 2140 Flips 798/22500 Energy -125 Cells 193 Inventory=193


INFO: Step 2150 Flips 720/22500 Energy 180 Cells 193 Inventory=193


INFO: Step 2160 Flips 710/22500 Energy 87 Cells 193 Inventory=193


INFO: Step 2170 Flips 812/22500 Energy 236 Cells 193 Inventory=193


INFO: Step 2180 Flips 704/22500 Energy 26 Cells 193 Inventory=193


INFO: Step 2190 Flips 751/22500 Energy 508 Cells 193 Inventory=193


INFO: Step 2200 Flips 721/22500 Energy -165 Cells 193 Inventory=193


INFO: Step 2210 Flips 732/22500 Energy 253 Cells 193 Inventory=193


INFO: Step 2220 Flips 739/22500 Energy -59 Cells 193 Inventory=193


INFO: Step 2230 Flips 746/22500 Energy 140 Cells 193 Inventory=193


INFO: Step 2240 Flips 738/22500 Energy -96 Cells 193 Inventory=193


INFO: Step 2250 Flips 754/22500 Energy 180 Cells 193 Inventory=193


INFO: Step 2260 Flips 759/22500 Energy 283 Cells 193 Inventory=193


INFO: Step 2270 Flips 803/22500 Energy 65 Cells 193 Inventory=193


INFO: Step 2280 Flips 764/22500 Energy 272 Cells 193 Inventory=193


INFO: Step 2290 Flips 821/22500 Energy 191 Cells 193 Inventory=193


INFO: Step 2300 Flips 751/22500 Energy -48 Cells 193 Inventory=193


INFO: Step 2310 Flips 744/22500 Energy -211 Cells 193 Inventory=193


INFO: Step 2320 Flips 728/22500 Energy 174 Cells 193 Inventory=193


INFO: Step 2330 Flips 722/22500 Energy -30 Cells 193 Inventory=193


INFO: Step 2340 Flips 721/22500 Energy 288 Cells 193 Inventory=193


INFO: Step 2350 Flips 765/22500 Energy -242 Cells 193 Inventory=193


INFO: Step 2360 Flips 722/22500 Energy 128 Cells 193 Inventory=193


INFO: Step 2370 Flips 696/22500 Energy 193 Cells 193 Inventory=193


INFO: Step 2380 Flips 771/22500 Energy -224 Cells 193 Inventory=193


INFO: Step 2390 Flips 745/22500 Energy 49 Cells 193 Inventory=193


INFO: Step 2400 Flips 736/22500 Energy 238 Cells 193 Inventory=193


INFO: Step 2410 Flips 723/22500 Energy 424 Cells 193 Inventory=193


INFO: Step 2420 Flips 756/22500 Energy -197 Cells 193 Inventory=193


INFO: Step 2430 Flips 646/22500 Energy -76 Cells 193 Inventory=193


INFO: Step 2440 Flips 781/22500 Energy -83 Cells 193 Inventory=193


INFO: Step 2450 Flips 722/22500 Energy 218 Cells 193 Inventory=193


INFO: Step 2460 Flips 755/22500 Energy -181 Cells 193 Inventory=193


INFO: Step 2470 Flips 726/22500 Energy -180 Cells 193 Inventory=193


INFO: Step 2480 Flips 743/22500 Energy -231 Cells 193 Inventory=193


INFO: Step 2490 Flips 709/22500 Energy -87 Cells 193 Inventory=193


INFO: Step 2500 Flips 710/22500 Energy -70 Cells 193 Inventory=193


INFO: Step 2510 Flips 761/22500 Energy -43 Cells 193 Inventory=193


INFO: Step 2520 Flips 756/22500 Energy 257 Cells 193 Inventory=193


INFO: Step 2530 Flips 738/22500 Energy 340 Cells 193 Inventory=193


INFO: Step 2540 Flips 741/22500 Energy -71 Cells 193 Inventory=193


INFO: Step 2550 Flips 721/22500 Energy -119 Cells 193 Inventory=193


INFO: Step 2560 Flips 752/22500 Energy -314 Cells 193 Inventory=193


INFO: Step 2570 Flips 734/22500 Energy -77 Cells 193 Inventory=193


INFO: Step 2580 Flips 705/22500 Energy 66 Cells 193 Inventory=193


INFO: Step 2590 Flips 763/22500 Energy 153 Cells 193 Inventory=193


INFO: Step 2600 Flips 744/22500 Energy 117 Cells 193 Inventory=193


INFO: Step 2610 Flips 768/22500 Energy 290 Cells 193 Inventory=193


INFO: Step 2620 Flips 736/22500 Energy 104 Cells 193 Inventory=193


INFO: Step 2630 Flips 791/22500 Energy 48 Cells 193 Inventory=193


INFO: Step 2640 Flips 738/22500 Energy -233 Cells 193 Inventory=193


INFO: Step 2650 Flips 701/22500 Energy 74 Cells 193 Inventory=193


INFO: Step 2660 Flips 733/22500 Energy 48 Cells 193 Inventory=193


INFO: Step 2670 Flips 714/22500 Energy -27 Cells 193 Inventory=193


INFO: Step 2680 Flips 761/22500 Energy -232 Cells 193 Inventory=193


INFO: Step 2690 Flips 753/22500 Energy -257 Cells 193 Inventory=193


INFO: Step 2700 Flips 742/22500 Energy -221 Cells 193 Inventory=193


INFO: Step 2710 Flips 737/22500 Energy -7 Cells 193 Inventory=193


INFO: Step 2720 Flips 713/22500 Energy -286 Cells 193 Inventory=193


INFO: Step 2730 Flips 720/22500 Energy -181 Cells 193 Inventory=193


INFO: Step 2740 Flips 703/22500 Energy 334 Cells 193 Inventory=193


INFO: Step 2750 Flips 791/22500 Energy -172 Cells 193 Inventory=193


INFO: Step 2760 Flips 731/22500 Energy 79 Cells 193 Inventory=193


INFO: Step 2770 Flips 803/22500 Energy 410 Cells 193 Inventory=193


INFO: Step 2780 Flips 768/22500 Energy 42 Cells 193 Inventory=193


INFO: Step 2790 Flips 770/22500 Energy 118 Cells 193 Inventory=193


INFO: Step 2800 Flips 786/22500 Energy -136 Cells 193 Inventory=193


INFO: Step 2810 Flips 786/22500 Energy 634 Cells 193 Inventory=193


INFO: Step 2820 Flips 733/22500 Energy -249 Cells 193 Inventory=193


INFO: Step 2830 Flips 749/22500 Energy -33 Cells 193 Inventory=193


INFO: Step 2840 Flips 780/22500 Energy -202 Cells 193 Inventory=193


INFO: Step 2850 Flips 804/22500 Energy -295 Cells 193 Inventory=193


INFO: Step 2860 Flips 698/22500 Energy -551 Cells 193 Inventory=193


INFO: Step 2870 Flips 722/22500 Energy -130 Cells 193 Inventory=193


INFO: Step 2880 Flips 752/22500 Energy -70 Cells 193 Inventory=193


INFO: Step 2890 Flips 724/22500 Energy -369 Cells 193 Inventory=193


INFO: Step 2900 Flips 738/22500 Energy 312 Cells 193 Inventory=193


INFO: Step 2910 Flips 751/22500 Energy -41 Cells 193 Inventory=193


INFO: Step 2920 Flips 788/22500 Energy -273 Cells 193 Inventory=193


INFO: Step 2930 Flips 746/22500 Energy -423 Cells 193 Inventory=193


INFO: Step 2940 Flips 733/22500 Energy 315 Cells 193 Inventory=193


INFO: Step 2950 Flips 774/22500 Energy -203 Cells 193 Inventory=193


INFO: Step 2960 Flips 754/22500 Energy -27 Cells 193 Inventory=193


INFO: Step 2970 Flips 751/22500 Energy -208 Cells 193 Inventory=193


INFO: Step 2980 Flips 722/22500 Energy -89 Cells 193 Inventory=193


INFO: Step 2990 Flips 783/22500 Energy -6 Cells 193 Inventory=193


INFO: Step 3000 Flips 782/22500 Energy 428 Cells 193 Inventory=193


INFO: Step 3010 Flips 716/22500 Energy -130 Cells 193 Inventory=193


INFO: Step 3020 Flips 740/22500 Energy 218 Cells 193 Inventory=193


INFO: Step 3030 Flips 800/22500 Energy -171 Cells 193 Inventory=193


INFO: Step 3040 Flips 772/22500 Energy 199 Cells 193 Inventory=193


INFO: Step 3050 Flips 818/22500 Energy 78 Cells 193 Inventory=193


INFO: Step 3060 Flips 775/22500 Energy 37 Cells 193 Inventory=193


INFO: Step 3070 Flips 740/22500 Energy -18 Cells 193 Inventory=193


INFO: Step 3080 Flips 746/22500 Energy -226 Cells 193 Inventory=193


INFO: Step 3090 Flips 767/22500 Energy 572 Cells 193 Inventory=193


INFO: Step 3100 Flips 740/22500 Energy 45 Cells 193 Inventory=193


INFO: Step 3110 Flips 708/22500 Energy -198 Cells 193 Inventory=193


INFO: Step 3120 Flips 728/22500 Energy -179 Cells 193 Inventory=193


INFO: Step 3130 Flips 770/22500 Energy 166 Cells 193 Inventory=193


INFO: Step 3140 Flips 751/22500 Energy -52 Cells 193 Inventory=193


INFO: Step 3150 Flips 791/22500 Energy 274 Cells 193 Inventory=193


INFO: Step 3160 Flips 760/22500 Energy -188 Cells 193 Inventory=193


INFO: Step 3170 Flips 710/22500 Energy -215 Cells 193 Inventory=193


INFO: Step 3180 Flips 728/22500 Energy 98 Cells 193 Inventory=193


INFO: Step 3190 Flips 784/22500 Energy -23 Cells 193 Inventory=193


INFO: Step 3200 Flips 746/22500 Energy -228 Cells 193 Inventory=193


INFO: Step 3210 Flips 757/22500 Energy -385 Cells 193 Inventory=193


INFO: Step 3220 Flips 742/22500 Energy -12 Cells 193 Inventory=193


INFO: Step 3230 Flips 796/22500 Energy 80 Cells 193 Inventory=193


INFO: Step 3240 Flips 791/22500 Energy 78 Cells 193 Inventory=193


INFO: Step 3250 Flips 741/22500 Energy -395 Cells 193 Inventory=193


INFO: Step 3260 Flips 755/22500 Energy -58 Cells 193 Inventory=193


INFO: Step 3270 Flips 739/22500 Energy 134 Cells 193 Inventory=193


INFO: Step 3280 Flips 815/22500 Energy 97 Cells 193 Inventory=193


INFO: Step 3290 Flips 788/22500 Energy 369 Cells 193 Inventory=193


INFO: Step 3300 Flips 724/22500 Energy -413 Cells 193 Inventory=193


INFO: Step 3310 Flips 737/22500 Energy 45 Cells 193 Inventory=193


INFO: Step 3320 Flips 802/22500 Energy -324 Cells 193 Inventory=193


INFO: Step 3330 Flips 708/22500 Energy 114 Cells 193 Inventory=193


INFO: Step 3340 Flips 734/22500 Energy -27 Cells 193 Inventory=193


INFO: Step 3350 Flips 761/22500 Energy -102 Cells 193 Inventory=193


INFO: Step 3360 Flips 739/22500 Energy 147 Cells 193 Inventory=193


INFO: Step 3370 Flips 766/22500 Energy -45 Cells 193 Inventory=193


INFO: Step 3380 Flips 736/22500 Energy 78 Cells 193 Inventory=193


INFO: Step 3390 Flips 730/22500 Energy -119 Cells 193 Inventory=193


INFO: Step 3400 Flips 730/22500 Energy 179 Cells 193 Inventory=193


INFO: Step 3410 Flips 720/22500 Energy 604 Cells 193 Inventory=193


INFO: Step 3420 Flips 740/22500 Energy -218 Cells 193 Inventory=193


INFO: Step 3430 Flips 794/22500 Energy -131 Cells 193 Inventory=193


INFO: Step 3440 Flips 788/22500 Energy 179 Cells 193 Inventory=193


INFO: Step 3450 Flips 735/22500 Energy 11 Cells 193 Inventory=193


INFO: Step 3460 Flips 750/22500 Energy -27 Cells 193 Inventory=193


INFO: Step 3470 Flips 761/22500 Energy 353 Cells 193 Inventory=193


INFO: Step 3480 Flips 764/22500 Energy 442 Cells 193 Inventory=193


INFO: Step 3490 Flips 729/22500 Energy -184 Cells 193 Inventory=193


INFO: Step 3500 Flips 791/22500 Energy 133 Cells 193 Inventory=193


INFO: Step 3510 Flips 734/22500 Energy 31 Cells 193 Inventory=193


INFO: Step 3520 Flips 735/22500 Energy -23 Cells 193 Inventory=193


INFO: Step 3530 Flips 748/22500 Energy 21 Cells 193 Inventory=193


INFO: Step 3540 Flips 675/22500 Energy 110 Cells 193 Inventory=193


INFO: Step 3550 Flips 735/22500 Energy 24 Cells 193 Inventory=193


INFO: Step 3560 Flips 713/22500 Energy 124 Cells 193 Inventory=193


INFO: Step 3570 Flips 758/22500 Energy -263 Cells 193 Inventory=193


INFO: Step 3580 Flips 796/22500 Energy -690 Cells 193 Inventory=193


INFO: Step 3590 Flips 764/22500 Energy -32 Cells 193 Inventory=193


INFO: Step 3600 Flips 742/22500 Energy -105 Cells 193 Inventory=193


INFO: Step 3610 Flips 769/22500 Energy -123 Cells 193 Inventory=193


INFO: Step 3620 Flips 728/22500 Energy 216 Cells 193 Inventory=193


INFO: Step 3630 Flips 759/22500 Energy 196 Cells 193 Inventory=193


INFO: Step 3640 Flips 763/22500 Energy 208 Cells 193 Inventory=193


INFO: Step 3650 Flips 794/22500 Energy -354 Cells 193 Inventory=193


INFO: Step 3660 Flips 751/22500 Energy 372 Cells 193 Inventory=193


INFO: Step 3670 Flips 698/22500 Energy 217 Cells 193 Inventory=193


INFO: Step 3680 Flips 739/22500 Energy -30 Cells 193 Inventory=193


INFO: Step 3690 Flips 724/22500 Energy -36 Cells 193 Inventory=193


INFO: Step 3700 Flips 759/22500 Energy 130 Cells 193 Inventory=193


INFO: Step 3710 Flips 805/22500 Energy 213 Cells 193 Inventory=193


INFO: Step 3720 Flips 784/22500 Energy 276 Cells 193 Inventory=193


INFO: Step 3730 Flips 720/22500 Energy -171 Cells 193 Inventory=193


INFO: Step 3740 Flips 813/22500 Energy 15 Cells 193 Inventory=193


INFO: Step 3750 Flips 855/22500 Energy 456 Cells 193 Inventory=193


INFO: Step 3760 Flips 752/22500 Energy -105 Cells 193 Inventory=193


INFO: Step 3770 Flips 733/22500 Energy 135 Cells 193 Inventory=193


INFO: Step 3780 Flips 763/22500 Energy -211 Cells 193 Inventory=193


INFO: Step 3790 Flips 761/22500 Energy -188 Cells 193 Inventory=193


INFO: Step 3800 Flips 753/22500 Energy 405 Cells 193 Inventory=193


INFO: Step 3810 Flips 743/22500 Energy -39 Cells 193 Inventory=193


INFO: Step 3820 Flips 713/22500 Energy 461 Cells 193 Inventory=193


INFO: Step 3830 Flips 787/22500 Energy 396 Cells 193 Inventory=193


INFO: Step 3840 Flips 786/22500 Energy 200 Cells 193 Inventory=193


INFO: Step 3850 Flips 745/22500 Energy 53 Cells 193 Inventory=193


INFO: Step 3860 Flips 773/22500 Energy 295 Cells 193 Inventory=193


INFO: Step 3870 Flips 812/22500 Energy 226 Cells 193 Inventory=193


INFO: Step 3880 Flips 847/22500 Energy 225 Cells 193 Inventory=193


INFO: Step 3890 Flips 744/22500 Energy 277 Cells 193 Inventory=193


INFO: Step 3900 Flips 714/22500 Energy 126 Cells 193 Inventory=193


INFO: Step 3910 Flips 781/22500 Energy -199 Cells 193 Inventory=193


INFO: Step 3920 Flips 725/22500 Energy 284 Cells 193 Inventory=193


INFO: Step 3930 Flips 728/22500 Energy 146 Cells 193 Inventory=193


INFO: Step 3940 Flips 741/22500 Energy 26 Cells 193 Inventory=193


INFO: Step 3950 Flips 725/22500 Energy 90 Cells 193 Inventory=193


INFO: Step 3960 Flips 789/22500 Energy -119 Cells 193 Inventory=193


INFO: Step 3970 Flips 718/22500 Energy 321 Cells 193 Inventory=193


INFO: Step 3980 Flips 787/22500 Energy 167 Cells 193 Inventory=193


INFO: Step 3990 Flips 801/22500 Energy -152 Cells 193 Inventory=193


INFO: Step 4000 Flips 727/22500 Energy 11 Cells 193 Inventory=193


INFO: Step 4010 Flips 767/22500 Energy -192 Cells 193 Inventory=193


INFO: Step 4020 Flips 729/22500 Energy -195 Cells 193 Inventory=193


INFO: Step 4030 Flips 846/22500 Energy -31 Cells 193 Inventory=193


INFO: Step 4040 Flips 750/22500 Energy -6 Cells 193 Inventory=193


INFO: Step 4050 Flips 725/22500 Energy 73 Cells 193 Inventory=193


INFO: Step 4060 Flips 817/22500 Energy 283 Cells 193 Inventory=193


INFO: Step 4070 Flips 812/22500 Energy -272 Cells 193 Inventory=193


INFO: Step 4080 Flips 769/22500 Energy 16 Cells 193 Inventory=193


INFO: Step 4090 Flips 762/22500 Energy 136 Cells 193 Inventory=193


INFO: Step 4100 Flips 772/22500 Energy -156 Cells 193 Inventory=193


INFO: Step 4110 Flips 766/22500 Energy 4 Cells 193 Inventory=193


INFO: Step 4120 Flips 794/22500 Energy -25 Cells 193 Inventory=193


INFO: Step 4130 Flips 763/22500 Energy 161 Cells 193 Inventory=193


INFO: Step 4140 Flips 777/22500 Energy -87 Cells 193 Inventory=193


INFO: Step 4150 Flips 767/22500 Energy -154 Cells 193 Inventory=193


INFO: Step 4160 Flips 671/22500 Energy 328 Cells 193 Inventory=193


INFO: Step 4170 Flips 782/22500 Energy 359 Cells 193 Inventory=193


INFO: Step 4180 Flips 775/22500 Energy 280 Cells 193 Inventory=193


INFO: Step 4190 Flips 793/22500 Energy -328 Cells 193 Inventory=193


INFO: Step 4200 Flips 795/22500 Energy 86 Cells 193 Inventory=193


INFO: Step 4210 Flips 726/22500 Energy -301 Cells 193 Inventory=193


INFO: Step 4220 Flips 739/22500 Energy 163 Cells 193 Inventory=193


INFO: Step 4230 Flips 739/22500 Energy 354 Cells 193 Inventory=193


INFO: Step 4240 Flips 774/22500 Energy -461 Cells 193 Inventory=193


INFO: Step 4250 Flips 722/22500 Energy -41 Cells 193 Inventory=193


INFO: Step 4260 Flips 717/22500 Energy -227 Cells 193 Inventory=193


INFO: Step 4270 Flips 742/22500 Energy 7 Cells 193 Inventory=193


INFO: Step 4280 Flips 794/22500 Energy 146 Cells 193 Inventory=193


INFO: Step 4290 Flips 804/22500 Energy -190 Cells 193 Inventory=193


INFO: Step 4300 Flips 739/22500 Energy 292 Cells 193 Inventory=193


INFO: Step 4310 Flips 766/22500 Energy -319 Cells 193 Inventory=193


INFO: Step 4320 Flips 730/22500 Energy -96 Cells 193 Inventory=193


INFO: Step 4330 Flips 771/22500 Energy -142 Cells 193 Inventory=193


INFO: Step 4340 Flips 786/22500 Energy 220 Cells 193 Inventory=193


INFO: Step 4350 Flips 759/22500 Energy -162 Cells 193 Inventory=193


INFO: Step 4360 Flips 765/22500 Energy 371 Cells 193 Inventory=193


INFO: Step 4370 Flips 724/22500 Energy -218 Cells 193 Inventory=193


INFO: Step 4380 Flips 788/22500 Energy -185 Cells 193 Inventory=193


INFO: Step 4390 Flips 764/22500 Energy -8 Cells 193 Inventory=193


INFO: Step 4400 Flips 799/22500 Energy -215 Cells 193 Inventory=193


INFO: Step 4410 Flips 772/22500 Energy -212 Cells 193 Inventory=193


INFO: Step 4420 Flips 788/22500 Energy 131 Cells 193 Inventory=193


INFO: Step 4430 Flips 764/22500 Energy 311 Cells 193 Inventory=193


INFO: Step 4440 Flips 740/22500 Energy 211 Cells 193 Inventory=193


INFO: Step 4450 Flips 786/22500 Energy 492 Cells 193 Inventory=193


INFO: Step 4460 Flips 741/22500 Energy -314 Cells 193 Inventory=193


INFO: Step 4470 Flips 787/22500 Energy 293 Cells 193 Inventory=193


INFO: Step 4480 Flips 749/22500 Energy 136 Cells 193 Inventory=193


INFO: Step 4490 Flips 749/22500 Energy 33 Cells 193 Inventory=193


INFO: Step 4500 Flips 785/22500 Energy -294 Cells 193 Inventory=193


INFO: Step 4510 Flips 759/22500 Energy 412 Cells 193 Inventory=193


INFO: Step 4520 Flips 798/22500 Energy 208 Cells 193 Inventory=193


INFO: Step 4530 Flips 781/22500 Energy 514 Cells 193 Inventory=193


INFO: Step 4540 Flips 754/22500 Energy 256 Cells 193 Inventory=193


INFO: Step 4550 Flips 842/22500 Energy 532 Cells 193 Inventory=193


INFO: Step 4560 Flips 724/22500 Energy -32 Cells 193 Inventory=193


INFO: Step 4570 Flips 803/22500 Energy 58 Cells 193 Inventory=193


INFO: Step 4580 Flips 806/22500 Energy -70 Cells 193 Inventory=193


INFO: Step 4590 Flips 774/22500 Energy -214 Cells 193 Inventory=193


INFO: Step 4600 Flips 774/22500 Energy 30 Cells 193 Inventory=193


INFO: Step 4610 Flips 766/22500 Energy 24 Cells 193 Inventory=193


INFO: Step 4620 Flips 766/22500 Energy -69 Cells 193 Inventory=193


INFO: Step 4630 Flips 804/22500 Energy 214 Cells 193 Inventory=193


INFO: Step 4640 Flips 760/22500 Energy -491 Cells 193 Inventory=193


INFO: Step 4650 Flips 780/22500 Energy 277 Cells 193 Inventory=193


INFO: Step 4660 Flips 730/22500 Energy 7 Cells 193 Inventory=193


INFO: Step 4670 Flips 811/22500 Energy -14 Cells 193 Inventory=193


INFO: Step 4680 Flips 724/22500 Energy -21 Cells 193 Inventory=193


INFO: Step 4690 Flips 807/22500 Energy 277 Cells 193 Inventory=193


INFO: Step 4700 Flips 752/22500 Energy -327 Cells 193 Inventory=193


INFO: Step 4710 Flips 780/22500 Energy 184 Cells 193 Inventory=193


INFO: Step 4720 Flips 786/22500 Energy 453 Cells 193 Inventory=193


INFO: Step 4730 Flips 807/22500 Energy 60 Cells 193 Inventory=193


INFO: Step 4740 Flips 760/22500 Energy 5 Cells 193 Inventory=193


INFO: Step 4750 Flips 762/22500 Energy 161 Cells 193 Inventory=193


INFO: Step 4760 Flips 759/22500 Energy 222 Cells 193 Inventory=193


INFO: Step 4770 Flips 701/22500 Energy -129 Cells 193 Inventory=193


INFO: Step 4780 Flips 818/22500 Energy 51 Cells 193 Inventory=193


INFO: Step 4790 Flips 735/22500 Energy -103 Cells 193 Inventory=193


INFO: Step 4800 Flips 759/22500 Energy 101 Cells 193 Inventory=193


INFO: Step 4810 Flips 793/22500 Energy 382 Cells 193 Inventory=193


INFO: Step 4820 Flips 723/22500 Energy 109 Cells 193 Inventory=193


INFO: Step 4830 Flips 777/22500 Energy 280 Cells 193 Inventory=193


INFO: Step 4840 Flips 775/22500 Energy 140 Cells 193 Inventory=193


INFO: Step 4850 Flips 793/22500 Energy -139 Cells 193 Inventory=193


INFO: Step 4860 Flips 774/22500 Energy -31 Cells 193 Inventory=193


INFO: Step 4870 Flips 744/22500 Energy -37 Cells 193 Inventory=193


INFO: Step 4880 Flips 762/22500 Energy -18 Cells 193 Inventory=193


INFO: Step 4890 Flips 761/22500 Energy 393 Cells 193 Inventory=193


INFO: Step 4900 Flips 784/22500 Energy -111 Cells 193 Inventory=193


INFO: Step 4910 Flips 798/22500 Energy 188 Cells 193 Inventory=193


INFO: Step 4920 Flips 768/22500 Energy 32 Cells 193 Inventory=193


INFO: Step 4930 Flips 731/22500 Energy 115 Cells 193 Inventory=193


INFO: Step 4940 Flips 767/22500 Energy -168 Cells 193 Inventory=193


INFO: Step 4950 Flips 702/22500 Energy -102 Cells 193 Inventory=193


INFO: Step 4960 Flips 754/22500 Energy 35 Cells 193 Inventory=193


INFO: Step 4970 Flips 749/22500 Energy -240 Cells 193 Inventory=193


INFO: Step 4980 Flips 749/22500 Energy -202 Cells 193 Inventory=193


INFO: Step 4990 Flips 795/22500 Energy -262 Cells 193 Inventory=193


INFO: Step 5000 Flips 760/22500 Energy -146 Cells 193 Inventory=193


INFO: Step 5010 Flips 763/22500 Energy 91 Cells 193 Inventory=193


INFO: Step 5020 Flips 823/22500 Energy -236 Cells 193 Inventory=193


INFO: Step 5030 Flips 765/22500 Energy 8 Cells 193 Inventory=193


INFO: Step 5040 Flips 744/22500 Energy 75 Cells 193 Inventory=193


INFO: Step 5050 Flips 794/22500 Energy -79 Cells 193 Inventory=193


INFO: Step 5060 Flips 759/22500 Energy -107 Cells 193 Inventory=193


INFO: Step 5070 Flips 724/22500 Energy 48 Cells 193 Inventory=193


INFO: Step 5080 Flips 751/22500 Energy 105 Cells 193 Inventory=193


INFO: Step 5090 Flips 776/22500 Energy -412 Cells 193 Inventory=193


INFO: Step 5100 Flips 786/22500 Energy 76 Cells 193 Inventory=193


INFO: Step 5110 Flips 777/22500 Energy 392 Cells 193 Inventory=193


INFO: Step 5120 Flips 811/22500 Energy 163 Cells 193 Inventory=193


INFO: Step 5130 Flips 777/22500 Energy -162 Cells 193 Inventory=193


INFO: Step 5140 Flips 770/22500 Energy -59 Cells 193 Inventory=193


INFO: Step 5150 Flips 780/22500 Energy -170 Cells 193 Inventory=193


INFO: Step 5160 Flips 731/22500 Energy 138 Cells 193 Inventory=193


INFO: Step 5170 Flips 766/22500 Energy -1 Cells 193 Inventory=193


INFO: Step 5180 Flips 711/22500 Energy -274 Cells 193 Inventory=193


INFO: Step 5190 Flips 695/22500 Energy 158 Cells 193 Inventory=193


INFO: Step 5200 Flips 740/22500 Energy -358 Cells 193 Inventory=193


INFO: Step 5210 Flips 784/22500 Energy -374 Cells 193 Inventory=193


INFO: Step 5220 Flips 798/22500 Energy -344 Cells 193 Inventory=193


INFO: Step 5230 Flips 810/22500 Energy 330 Cells 193 Inventory=193


INFO: Step 5240 Flips 781/22500 Energy 114 Cells 193 Inventory=193


INFO: Step 5250 Flips 815/22500 Energy -78 Cells 193 Inventory=193


INFO: Step 5260 Flips 719/22500 Energy 13 Cells 193 Inventory=193


INFO: Step 5270 Flips 812/22500 Energy -604 Cells 193 Inventory=193


INFO: Step 5280 Flips 730/22500 Energy -173 Cells 193 Inventory=193


INFO: Step 5290 Flips 768/22500 Energy -112 Cells 193 Inventory=193


INFO: Step 5300 Flips 791/22500 Energy -243 Cells 193 Inventory=193


INFO: Step 5310 Flips 797/22500 Energy 201 Cells 193 Inventory=193


INFO: Step 5320 Flips 752/22500 Energy -41 Cells 193 Inventory=193


INFO: Step 5330 Flips 766/22500 Energy 286 Cells 193 Inventory=193


INFO: Step 5340 Flips 764/22500 Energy -163 Cells 193 Inventory=193


INFO: Step 5350 Flips 822/22500 Energy 58 Cells 193 Inventory=193


INFO: Step 5360 Flips 810/22500 Energy 190 Cells 193 Inventory=193


INFO: Step 5370 Flips 766/22500 Energy 284 Cells 193 Inventory=193


INFO: Step 5380 Flips 782/22500 Energy 20 Cells 193 Inventory=193


INFO: Step 5390 Flips 725/22500 Energy 128 Cells 193 Inventory=193


INFO: Step 5400 Flips 825/22500 Energy -60 Cells 193 Inventory=193


INFO: Step 5410 Flips 844/22500 Energy 233 Cells 193 Inventory=193


INFO: Step 5420 Flips 794/22500 Energy -59 Cells 193 Inventory=193


INFO: Step 5430 Flips 831/22500 Energy 40 Cells 193 Inventory=193


INFO: Step 5440 Flips 755/22500 Energy 357 Cells 193 Inventory=193


INFO: Step 5450 Flips 802/22500 Energy -52 Cells 193 Inventory=193


INFO: Step 5460 Flips 782/22500 Energy -19 Cells 193 Inventory=193


INFO: Step 5470 Flips 775/22500 Energy 77 Cells 193 Inventory=193


INFO: Step 5480 Flips 765/22500 Energy 24 Cells 193 Inventory=193


INFO: Step 5490 Flips 778/22500 Energy 356 Cells 193 Inventory=193


INFO: Step 5500 Flips 758/22500 Energy -391 Cells 193 Inventory=193


INFO: Step 5510 Flips 790/22500 Energy -269 Cells 193 Inventory=193


INFO: Step 5520 Flips 722/22500 Energy 291 Cells 193 Inventory=193


INFO: Step 5530 Flips 799/22500 Energy -13 Cells 193 Inventory=193


INFO: Step 5540 Flips 825/22500 Energy 58 Cells 193 Inventory=193


INFO: Step 5550 Flips 797/22500 Energy -316 Cells 193 Inventory=193


INFO: Step 5560 Flips 718/22500 Energy -65 Cells 193 Inventory=193


INFO: Step 5570 Flips 778/22500 Energy -150 Cells 193 Inventory=193


INFO: Step 5580 Flips 742/22500 Energy -218 Cells 193 Inventory=193


INFO: Step 5590 Flips 779/22500 Energy -158 Cells 193 Inventory=193


INFO: Step 5600 Flips 762/22500 Energy -300 Cells 193 Inventory=193


INFO: Step 5610 Flips 757/22500 Energy 60 Cells 193 Inventory=193


INFO: Step 5620 Flips 802/22500 Energy 100 Cells 193 Inventory=193


INFO: Step 5630 Flips 805/22500 Energy -246 Cells 193 Inventory=193


INFO: Step 5640 Flips 752/22500 Energy -166 Cells 193 Inventory=193


INFO: Step 5650 Flips 792/22500 Energy 202 Cells 193 Inventory=193


INFO: Step 5660 Flips 769/22500 Energy 204 Cells 193 Inventory=193


INFO: Step 5670 Flips 786/22500 Energy -12 Cells 193 Inventory=193


INFO: Step 5680 Flips 858/22500 Energy 225 Cells 193 Inventory=193


INFO: Step 5690 Flips 781/22500 Energy 430 Cells 193 Inventory=193


INFO: Step 5700 Flips 804/22500 Energy 134 Cells 193 Inventory=193


INFO: Step 5710 Flips 711/22500 Energy -36 Cells 193 Inventory=193


INFO: Step 5720 Flips 785/22500 Energy -90 Cells 193 Inventory=193


INFO: Step 5730 Flips 721/22500 Energy 72 Cells 193 Inventory=193


INFO: Step 5740 Flips 781/22500 Energy -104 Cells 193 Inventory=193


INFO: Step 5750 Flips 741/22500 Energy -142 Cells 193 Inventory=193


INFO: Step 5760 Flips 843/22500 Energy 163 Cells 193 Inventory=193


INFO: Step 5770 Flips 796/22500 Energy 14 Cells 193 Inventory=193


INFO: Step 5780 Flips 799/22500 Energy -288 Cells 193 Inventory=193


INFO: Step 5790 Flips 759/22500 Energy 70 Cells 193 Inventory=193


INFO: Step 5800 Flips 791/22500 Energy -342 Cells 193 Inventory=193


INFO: Step 5810 Flips 752/22500 Energy 214 Cells 193 Inventory=193


INFO: Step 5820 Flips 818/22500 Energy 174 Cells 193 Inventory=193


INFO: Step 5830 Flips 760/22500 Energy -158 Cells 193 Inventory=193


INFO: Step 5840 Flips 791/22500 Energy 34 Cells 193 Inventory=193


INFO: Step 5850 Flips 767/22500 Energy -60 Cells 193 Inventory=193


INFO: Step 5860 Flips 789/22500 Energy -15 Cells 193 Inventory=193


INFO: Step 5870 Flips 772/22500 Energy -170 Cells 193 Inventory=193


INFO: Step 5880 Flips 793/22500 Energy 254 Cells 193 Inventory=193


INFO: Step 5890 Flips 767/22500 Energy 386 Cells 193 Inventory=193


INFO: Step 5900 Flips 821/22500 Energy 120 Cells 193 Inventory=193


INFO: Step 5910 Flips 785/22500 Energy 129 Cells 193 Inventory=193


INFO: Step 5920 Flips 777/22500 Energy 182 Cells 193 Inventory=193


INFO: Step 5930 Flips 772/22500 Energy -414 Cells 193 Inventory=193


INFO: Step 5940 Flips 772/22500 Energy 52 Cells 193 Inventory=193


INFO: Step 5950 Flips 709/22500 Energy 124 Cells 193 Inventory=193


INFO: Step 5960 Flips 762/22500 Energy -16 Cells 193 Inventory=193


INFO: Step 5970 Flips 785/22500 Energy -452 Cells 193 Inventory=193


INFO: Step 5980 Flips 816/22500 Energy -498 Cells 193 Inventory=193


INFO: Step 5990 Flips 807/22500 Energy -405 Cells 193 Inventory=193


INFO: Step 6000 Flips 785/22500 Energy -384 Cells 193 Inventory=193


INFO: Step 6010 Flips 756/22500 Energy -392 Cells 193 Inventory=193


INFO: Step 6020 Flips 738/22500 Energy -51 Cells 193 Inventory=193


INFO: Step 6030 Flips 747/22500 Energy 296 Cells 193 Inventory=193


INFO: Step 6040 Flips 817/22500 Energy -99 Cells 193 Inventory=193


INFO: Step 6050 Flips 783/22500 Energy 40 Cells 193 Inventory=193


INFO: Step 6060 Flips 797/22500 Energy -557 Cells 193 Inventory=193


INFO: Step 6070 Flips 773/22500 Energy -36 Cells 193 Inventory=193


INFO: Step 6080 Flips 808/22500 Energy 103 Cells 193 Inventory=193


INFO: Step 6090 Flips 758/22500 Energy -40 Cells 193 Inventory=193


INFO: Step 6100 Flips 778/22500 Energy 38 Cells 193 Inventory=193


INFO: Step 6110 Flips 773/22500 Energy -188 Cells 193 Inventory=193


INFO: Step 6120 Flips 777/22500 Energy -529 Cells 193 Inventory=193


INFO: Step 6130 Flips 799/22500 Energy 312 Cells 193 Inventory=193


INFO: Step 6140 Flips 809/22500 Energy -18 Cells 193 Inventory=193


INFO: Step 6150 Flips 775/22500 Energy 46 Cells 193 Inventory=193


INFO: Step 6160 Flips 818/22500 Energy -6 Cells 193 Inventory=193


INFO: Step 6170 Flips 809/22500 Energy 4 Cells 193 Inventory=193


INFO: Step 6180 Flips 817/22500 Energy -137 Cells 193 Inventory=193


INFO: Step 6190 Flips 782/22500 Energy 54 Cells 193 Inventory=193


INFO: Step 6200 Flips 809/22500 Energy -84 Cells 193 Inventory=193


INFO: Step 6210 Flips 758/22500 Energy 216 Cells 193 Inventory=193


INFO: Step 6220 Flips 742/22500 Energy -30 Cells 193 Inventory=193


INFO: Step 6230 Flips 803/22500 Energy 52 Cells 193 Inventory=193


INFO: Step 6240 Flips 763/22500 Energy -203 Cells 193 Inventory=193


INFO: Step 6250 Flips 780/22500 Energy 50 Cells 193 Inventory=193


INFO: Step 6260 Flips 789/22500 Energy 392 Cells 193 Inventory=193


INFO: Step 6270 Flips 759/22500 Energy -440 Cells 193 Inventory=193


INFO: Step 6280 Flips 818/22500 Energy 267 Cells 193 Inventory=193


INFO: Step 6290 Flips 783/22500 Energy 175 Cells 193 Inventory=193


INFO: Step 6300 Flips 795/22500 Energy 24 Cells 193 Inventory=193


INFO: Step 6310 Flips 798/22500 Energy 299 Cells 193 Inventory=193


INFO: Step 6320 Flips 790/22500 Energy 157 Cells 193 Inventory=193


INFO: Step 6330 Flips 754/22500 Energy -12 Cells 193 Inventory=193


INFO: Step 6340 Flips 821/22500 Energy -104 Cells 193 Inventory=193


INFO: Step 6350 Flips 753/22500 Energy 12 Cells 193 Inventory=193


INFO: Step 6360 Flips 762/22500 Energy 289 Cells 193 Inventory=193


INFO: Step 6370 Flips 780/22500 Energy 220 Cells 193 Inventory=193


INFO: Step 6380 Flips 755/22500 Energy -83 Cells 193 Inventory=193


INFO: Step 6390 Flips 795/22500 Energy -56 Cells 193 Inventory=193


INFO: Step 6400 Flips 792/22500 Energy 94 Cells 193 Inventory=193


INFO: Step 6410 Flips 724/22500 Energy 97 Cells 193 Inventory=193


INFO: Step 6420 Flips 802/22500 Energy 267 Cells 193 Inventory=193


INFO: Step 6430 Flips 731/22500 Energy -53 Cells 193 Inventory=193


INFO: Step 6440 Flips 842/22500 Energy 93 Cells 193 Inventory=193


INFO: Step 6450 Flips 759/22500 Energy -384 Cells 193 Inventory=193


INFO: Step 6460 Flips 748/22500 Energy 186 Cells 193 Inventory=193


INFO: Step 6470 Flips 805/22500 Energy -260 Cells 193 Inventory=193


INFO: Step 6480 Flips 734/22500 Energy 12 Cells 193 Inventory=193


INFO: Step 6490 Flips 789/22500 Energy -154 Cells 193 Inventory=193


INFO: Step 6500 Flips 823/22500 Energy 96 Cells 193 Inventory=193


INFO: Step 6510 Flips 798/22500 Energy -32 Cells 193 Inventory=193


INFO: Step 6520 Flips 784/22500 Energy 240 Cells 193 Inventory=193


INFO: Step 6530 Flips 782/22500 Energy -62 Cells 193 Inventory=193


INFO: Step 6540 Flips 742/22500 Energy 98 Cells 193 Inventory=193


INFO: Step 6550 Flips 807/22500 Energy 34 Cells 193 Inventory=193


INFO: Step 6560 Flips 813/22500 Energy -120 Cells 193 Inventory=193


INFO: Step 6570 Flips 760/22500 Energy -324 Cells 193 Inventory=193


INFO: Step 6580 Flips 773/22500 Energy -84 Cells 193 Inventory=193


INFO: Step 6590 Flips 839/22500 Energy -168 Cells 193 Inventory=193


INFO: Step 6600 Flips 809/22500 Energy 362 Cells 193 Inventory=193


INFO: Step 6610 Flips 794/22500 Energy -90 Cells 193 Inventory=193


INFO: Step 6620 Flips 740/22500 Energy -154 Cells 193 Inventory=193


INFO: Step 6630 Flips 772/22500 Energy 74 Cells 193 Inventory=193


INFO: Step 6640 Flips 732/22500 Energy 26 Cells 193 Inventory=193


INFO: Step 6650 Flips 754/22500 Energy -35 Cells 193 Inventory=193


INFO: Step 6660 Flips 751/22500 Energy 108 Cells 193 Inventory=193


INFO: Step 6670 Flips 800/22500 Energy -240 Cells 193 Inventory=193


INFO: Step 6680 Flips 766/22500 Energy -32 Cells 193 Inventory=193


INFO: Step 6690 Flips 775/22500 Energy 36 Cells 193 Inventory=193


INFO: Step 6700 Flips 758/22500 Energy -279 Cells 193 Inventory=193


INFO: Step 6710 Flips 755/22500 Energy 210 Cells 193 Inventory=193


INFO: Step 6720 Flips 770/22500 Energy 332 Cells 193 Inventory=193


INFO: Step 6730 Flips 748/22500 Energy 308 Cells 193 Inventory=193


INFO: Step 6740 Flips 738/22500 Energy -324 Cells 193 Inventory=193


INFO: Step 6750 Flips 753/22500 Energy 21 Cells 193 Inventory=193


INFO: Step 6760 Flips 786/22500 Energy 174 Cells 193 Inventory=193


INFO: Step 6770 Flips 826/22500 Energy 296 Cells 193 Inventory=193


INFO: Step 6780 Flips 806/22500 Energy -236 Cells 193 Inventory=193


INFO: Step 6790 Flips 801/22500 Energy 20 Cells 193 Inventory=193


INFO: Step 6800 Flips 816/22500 Energy 107 Cells 193 Inventory=193


INFO: Step 6810 Flips 818/22500 Energy -138 Cells 193 Inventory=193


INFO: Step 6820 Flips 712/22500 Energy 6 Cells 193 Inventory=193


INFO: Step 6830 Flips 805/22500 Energy 356 Cells 193 Inventory=193


INFO: Step 6840 Flips 774/22500 Energy 190 Cells 193 Inventory=193


INFO: Step 6850 Flips 784/22500 Energy -12 Cells 193 Inventory=193


INFO: Step 6860 Flips 740/22500 Energy -260 Cells 193 Inventory=193


INFO: Step 6870 Flips 740/22500 Energy 80 Cells 193 Inventory=193


INFO: Step 6880 Flips 800/22500 Energy -353 Cells 193 Inventory=193


INFO: Step 6890 Flips 787/22500 Energy -60 Cells 193 Inventory=193


INFO: Step 6900 Flips 804/22500 Energy 129 Cells 193 Inventory=193


INFO: Step 6910 Flips 813/22500 Energy -148 Cells 193 Inventory=193


INFO: Step 6920 Flips 832/22500 Energy -76 Cells 193 Inventory=193


INFO: Step 6930 Flips 799/22500 Energy 208 Cells 193 Inventory=193


INFO: Step 6940 Flips 757/22500 Energy -198 Cells 193 Inventory=193


INFO: Step 6950 Flips 789/22500 Energy 118 Cells 193 Inventory=193


INFO: Step 6960 Flips 758/22500 Energy 168 Cells 193 Inventory=193


INFO: Step 6970 Flips 729/22500 Energy 112 Cells 193 Inventory=193


INFO: Step 6980 Flips 754/22500 Energy -66 Cells 193 Inventory=193


INFO: Step 6990 Flips 773/22500 Energy 358 Cells 193 Inventory=193


INFO: Step 7000 Flips 707/22500 Energy -52 Cells 193 Inventory=193


INFO: Step 7010 Flips 796/22500 Energy 320 Cells 193 Inventory=193


INFO: Step 7020 Flips 712/22500 Energy 50 Cells 193 Inventory=193


INFO: Step 7030 Flips 807/22500 Energy -322 Cells 193 Inventory=193


INFO: Step 7040 Flips 782/22500 Energy -84 Cells 193 Inventory=193


INFO: Step 7050 Flips 859/22500 Energy 263 Cells 193 Inventory=193


INFO: Step 7060 Flips 795/22500 Energy -114 Cells 193 Inventory=193


INFO: Step 7070 Flips 760/22500 Energy 154 Cells 193 Inventory=193


INFO: Step 7080 Flips 778/22500 Energy -100 Cells 193 Inventory=193


INFO: Step 7090 Flips 764/22500 Energy 224 Cells 193 Inventory=193


INFO: Step 7100 Flips 754/22500 Energy 172 Cells 193 Inventory=193


INFO: Step 7110 Flips 801/22500 Energy -496 Cells 193 Inventory=193


INFO: Step 7120 Flips 770/22500 Energy 51 Cells 193 Inventory=193


INFO: Step 7130 Flips 759/22500 Energy -123 Cells 193 Inventory=193


INFO: Step 7140 Flips 828/22500 Energy -112 Cells 193 Inventory=193


INFO: Step 7150 Flips 772/22500 Energy 38 Cells 193 Inventory=193


INFO: Step 7160 Flips 756/22500 Energy -138 Cells 193 Inventory=193


INFO: Step 7170 Flips 768/22500 Energy -226 Cells 193 Inventory=193


INFO: Step 7180 Flips 761/22500 Energy -425 Cells 193 Inventory=193


INFO: Step 7190 Flips 785/22500 Energy -28 Cells 193 Inventory=193


INFO: Step 7200 Flips 760/22500 Energy 192 Cells 193 Inventory=193


INFO: Step 7210 Flips 763/22500 Energy -276 Cells 193 Inventory=193


INFO: Step 7220 Flips 812/22500 Energy -78 Cells 193 Inventory=193


INFO: Step 7230 Flips 778/22500 Energy 442 Cells 193 Inventory=193


INFO: Step 7240 Flips 786/22500 Energy 178 Cells 193 Inventory=193


INFO: Step 7250 Flips 777/22500 Energy -286 Cells 193 Inventory=193


INFO: Step 7260 Flips 843/22500 Energy 354 Cells 193 Inventory=193


INFO: Step 7270 Flips 736/22500 Energy -130 Cells 193 Inventory=193


INFO: Step 7280 Flips 761/22500 Energy 33 Cells 193 Inventory=193


INFO: Step 7290 Flips 771/22500 Energy 324 Cells 193 Inventory=193


INFO: Step 7300 Flips 785/22500 Energy -127 Cells 193 Inventory=193


INFO: Step 7310 Flips 781/22500 Energy 198 Cells 193 Inventory=193


INFO: Step 7320 Flips 748/22500 Energy 291 Cells 193 Inventory=193


INFO: Step 7330 Flips 768/22500 Energy 270 Cells 193 Inventory=193


INFO: Step 7340 Flips 724/22500 Energy -188 Cells 193 Inventory=193


INFO: Step 7350 Flips 781/22500 Energy -20 Cells 193 Inventory=193


INFO: Step 7360 Flips 783/22500 Energy -121 Cells 193 Inventory=193


INFO: Step 7370 Flips 791/22500 Energy -174 Cells 193 Inventory=193


INFO: Step 7380 Flips 773/22500 Energy -60 Cells 193 Inventory=193


INFO: Step 7390 Flips 762/22500 Energy -18 Cells 193 Inventory=193


INFO: Step 7400 Flips 741/22500 Energy -343 Cells 193 Inventory=193


INFO: Step 7410 Flips 800/22500 Energy 50 Cells 193 Inventory=193


INFO: Step 7420 Flips 760/22500 Energy -434 Cells 193 Inventory=193


INFO: Step 7430 Flips 763/22500 Energy -12 Cells 193 Inventory=193


INFO: Step 7440 Flips 756/22500 Energy 152 Cells 193 Inventory=193


INFO: Step 7450 Flips 834/22500 Energy 40 Cells 193 Inventory=193


INFO: Step 7460 Flips 739/22500 Energy -10 Cells 193 Inventory=193


INFO: Step 7470 Flips 845/22500 Energy -128 Cells 193 Inventory=193


INFO: Step 7480 Flips 808/22500 Energy 378 Cells 193 Inventory=193


INFO: Step 7490 Flips 818/22500 Energy -106 Cells 193 Inventory=193


INFO: Step 7500 Flips 786/22500 Energy -496 Cells 193 Inventory=193


INFO: Step 7510 Flips 831/22500 Energy -194 Cells 193 Inventory=193


INFO: Step 7520 Flips 712/22500 Energy 82 Cells 193 Inventory=193


INFO: Step 7530 Flips 793/22500 Energy 34 Cells 193 Inventory=193


INFO: Step 7540 Flips 757/22500 Energy -54 Cells 193 Inventory=193


INFO: Step 7550 Flips 792/22500 Energy -52 Cells 193 Inventory=193


INFO: Step 7560 Flips 754/22500 Energy 191 Cells 193 Inventory=193


INFO: Step 7570 Flips 875/22500 Energy 118 Cells 193 Inventory=193


INFO: Step 7580 Flips 800/22500 Energy 52 Cells 193 Inventory=193


INFO: Step 7590 Flips 769/22500 Energy -406 Cells 193 Inventory=193


INFO: Step 7600 Flips 801/22500 Energy 230 Cells 193 Inventory=193


INFO: Step 7610 Flips 759/22500 Energy -168 Cells 193 Inventory=193


INFO: Step 7620 Flips 776/22500 Energy -28 Cells 193 Inventory=193


INFO: Step 7630 Flips 770/22500 Energy 200 Cells 193 Inventory=193


INFO: Step 7640 Flips 830/22500 Energy 102 Cells 193 Inventory=193


INFO: Step 7650 Flips 814/22500 Energy 224 Cells 193 Inventory=193


INFO: Step 7660 Flips 784/22500 Energy -42 Cells 193 Inventory=193


INFO: Step 7670 Flips 738/22500 Energy -208 Cells 193 Inventory=193


INFO: Step 7680 Flips 782/22500 Energy -162 Cells 193 Inventory=193


INFO: Step 7690 Flips 729/22500 Energy -138 Cells 193 Inventory=193


INFO: Step 7700 Flips 788/22500 Energy -228 Cells 193 Inventory=193


INFO: Step 7710 Flips 796/22500 Energy 312 Cells 193 Inventory=193


INFO: Step 7720 Flips 757/22500 Energy 290 Cells 193 Inventory=193


INFO: Step 7730 Flips 849/22500 Energy -208 Cells 193 Inventory=193


INFO: Step 7740 Flips 817/22500 Energy -196 Cells 193 Inventory=193


INFO: Step 7750 Flips 789/22500 Energy 86 Cells 193 Inventory=193


INFO: Step 7760 Flips 780/22500 Energy 308 Cells 193 Inventory=193


INFO: Step 7770 Flips 737/22500 Energy -182 Cells 193 Inventory=193


INFO: Step 7780 Flips 783/22500 Energy -322 Cells 193 Inventory=193


INFO: Step 7790 Flips 778/22500 Energy 432 Cells 193 Inventory=193


INFO: Step 7800 Flips 672/22500 Energy 48 Cells 193 Inventory=193


INFO: Step 7810 Flips 777/22500 Energy -144 Cells 193 Inventory=193


INFO: Step 7820 Flips 705/22500 Energy 175 Cells 193 Inventory=193


INFO: Step 7830 Flips 787/22500 Energy 57 Cells 193 Inventory=193


INFO: Step 7840 Flips 802/22500 Energy 100 Cells 193 Inventory=193


INFO: Step 7850 Flips 770/22500 Energy -6 Cells 193 Inventory=193


INFO: Step 7860 Flips 741/22500 Energy -332 Cells 193 Inventory=193


INFO: Step 7870 Flips 739/22500 Energy 124 Cells 193 Inventory=193


INFO: Step 7880 Flips 813/22500 Energy -184 Cells 193 Inventory=193


INFO: Step 7890 Flips 748/22500 Energy 104 Cells 193 Inventory=193


INFO: Step 7900 Flips 782/22500 Energy -328 Cells 193 Inventory=193


INFO: Step 7910 Flips 751/22500 Energy 4 Cells 193 Inventory=193


INFO: Step 7920 Flips 744/22500 Energy 286 Cells 193 Inventory=193


INFO: Step 7930 Flips 810/22500 Energy 394 Cells 193 Inventory=193


INFO: Step 7940 Flips 793/22500 Energy 132 Cells 193 Inventory=193


INFO: Step 7950 Flips 765/22500 Energy -56 Cells 193 Inventory=193


INFO: Step 7960 Flips 760/22500 Energy 292 Cells 193 Inventory=193


INFO: Step 7970 Flips 802/22500 Energy -38 Cells 193 Inventory=193


INFO: Step 7980 Flips 800/22500 Energy 58 Cells 193 Inventory=193


INFO: Step 7990 Flips 850/22500 Energy 424 Cells 193 Inventory=193


INFO: Step 8000 Flips 793/22500 Energy 198 Cells 193 Inventory=193


INFO: Step 8010 Flips 820/22500 Energy -134 Cells 193 Inventory=193


INFO: Step 8020 Flips 789/22500 Energy 294 Cells 193 Inventory=193


INFO: Step 8030 Flips 779/22500 Energy -544 Cells 193 Inventory=193


INFO: Step 8040 Flips 888/22500 Energy 28 Cells 193 Inventory=193


INFO: Step 8050 Flips 770/22500 Energy 40 Cells 193 Inventory=193


INFO: Step 8060 Flips 797/22500 Energy 128 Cells 193 Inventory=193


INFO: Step 8070 Flips 761/22500 Energy 174 Cells 193 Inventory=193


INFO: Step 8080 Flips 771/22500 Energy 174 Cells 193 Inventory=193


INFO: Step 8090 Flips 803/22500 Energy 162 Cells 193 Inventory=193


INFO: Step 8100 Flips 790/22500 Energy -362 Cells 193 Inventory=193


INFO: Step 8110 Flips 778/22500 Energy 96 Cells 193 Inventory=193


INFO: Step 8120 Flips 778/22500 Energy -296 Cells 193 Inventory=193


INFO: Step 8130 Flips 788/22500 Energy 244 Cells 193 Inventory=193


INFO: Step 8140 Flips 854/22500 Energy -232 Cells 193 Inventory=193


INFO: Step 8150 Flips 837/22500 Energy -296 Cells 193 Inventory=193


INFO: Step 8160 Flips 770/22500 Energy -214 Cells 193 Inventory=193


INFO: Step 8170 Flips 759/22500 Energy 68 Cells 193 Inventory=193


INFO: Step 8180 Flips 801/22500 Energy -236 Cells 193 Inventory=193


INFO: Step 8190 Flips 780/22500 Energy 142 Cells 193 Inventory=193


INFO: Step 8200 Flips 778/22500 Energy 112 Cells 193 Inventory=193


INFO: Step 8210 Flips 788/22500 Energy -194 Cells 193 Inventory=193


INFO: Step 8220 Flips 848/22500 Energy 5 Cells 193 Inventory=193


INFO: Step 8230 Flips 712/22500 Energy -154 Cells 193 Inventory=193


INFO: Step 8240 Flips 733/22500 Energy -80 Cells 193 Inventory=193


INFO: Step 8250 Flips 790/22500 Energy 54 Cells 193 Inventory=193


INFO: Step 8260 Flips 741/22500 Energy -106 Cells 193 Inventory=193


INFO: Step 8270 Flips 784/22500 Energy 62 Cells 193 Inventory=193


INFO: Step 8280 Flips 805/22500 Energy -222 Cells 193 Inventory=193


INFO: Step 8290 Flips 757/22500 Energy -192 Cells 193 Inventory=193


INFO: Step 8300 Flips 830/22500 Energy 434 Cells 193 Inventory=193


INFO: Step 8310 Flips 806/22500 Energy -94 Cells 193 Inventory=193


INFO: Step 8320 Flips 797/22500 Energy 124 Cells 193 Inventory=193


INFO: Step 8330 Flips 804/22500 Energy 310 Cells 193 Inventory=193


INFO: Step 8340 Flips 742/22500 Energy 218 Cells 193 Inventory=193


INFO: Step 8350 Flips 795/22500 Energy 37 Cells 193 Inventory=193


INFO: Step 8360 Flips 813/22500 Energy -302 Cells 193 Inventory=193


INFO: Step 8370 Flips 790/22500 Energy -305 Cells 193 Inventory=193


INFO: Step 8380 Flips 785/22500 Energy 534 Cells 193 Inventory=193


INFO: Step 8390 Flips 810/22500 Energy -166 Cells 193 Inventory=193


INFO: Step 8400 Flips 844/22500 Energy 44 Cells 193 Inventory=193


INFO: Step 8410 Flips 769/22500 Energy 6 Cells 193 Inventory=193


INFO: Step 8420 Flips 855/22500 Energy -156 Cells 193 Inventory=193


INFO: Step 8430 Flips 778/22500 Energy 50 Cells 193 Inventory=193


INFO: Step 8440 Flips 815/22500 Energy -232 Cells 193 Inventory=193


INFO: Step 8450 Flips 821/22500 Energy 70 Cells 193 Inventory=193


INFO: Step 8460 Flips 772/22500 Energy -208 Cells 193 Inventory=193


INFO: Step 8470 Flips 761/22500 Energy 340 Cells 193 Inventory=193


INFO: Step 8480 Flips 733/22500 Energy -64 Cells 193 Inventory=193


INFO: Step 8490 Flips 844/22500 Energy -290 Cells 193 Inventory=193


INFO: Step 8500 Flips 721/22500 Energy 84 Cells 193 Inventory=193


INFO: Step 8510 Flips 769/22500 Energy -182 Cells 193 Inventory=193


INFO: Step 8520 Flips 810/22500 Energy 134 Cells 193 Inventory=193


INFO: Step 8530 Flips 782/22500 Energy -70 Cells 193 Inventory=193


INFO: Step 8540 Flips 780/22500 Energy -68 Cells 193 Inventory=193


INFO: Step 8550 Flips 835/22500 Energy 100 Cells 193 Inventory=193


INFO: Step 8560 Flips 766/22500 Energy 180 Cells 193 Inventory=193


INFO: Step 8570 Flips 752/22500 Energy -376 Cells 193 Inventory=193


INFO: Step 8580 Flips 821/22500 Energy 104 Cells 193 Inventory=193


INFO: Step 8590 Flips 835/22500 Energy 40 Cells 193 Inventory=193


INFO: Step 8600 Flips 838/22500 Energy -534 Cells 193 Inventory=193


INFO: Step 8610 Flips 817/22500 Energy -208 Cells 193 Inventory=193


INFO: Step 8620 Flips 733/22500 Energy 308 Cells 193 Inventory=193


INFO: Step 8630 Flips 759/22500 Energy 298 Cells 193 Inventory=193


INFO: Step 8640 Flips 720/22500 Energy -182 Cells 193 Inventory=193


INFO: Step 8650 Flips 777/22500 Energy 142 Cells 193 Inventory=193


INFO: Step 8660 Flips 834/22500 Energy -552 Cells 193 Inventory=193


INFO: Step 8670 Flips 785/22500 Energy -98 Cells 193 Inventory=193


INFO: Step 8680 Flips 861/22500 Energy 67 Cells 193 Inventory=193


INFO: Step 8690 Flips 787/22500 Energy -274 Cells 193 Inventory=193


INFO: Step 8700 Flips 755/22500 Energy -116 Cells 193 Inventory=193


INFO: Step 8710 Flips 764/22500 Energy 298 Cells 193 Inventory=193


INFO: Step 8720 Flips 781/22500 Energy -16 Cells 193 Inventory=193


INFO: Step 8730 Flips 824/22500 Energy -62 Cells 193 Inventory=193


INFO: Step 8740 Flips 785/22500 Energy 230 Cells 193 Inventory=193


INFO: Step 8750 Flips 768/22500 Energy 56 Cells 193 Inventory=193


INFO: Step 8760 Flips 752/22500 Energy 26 Cells 193 Inventory=193


INFO: Step 8770 Flips 778/22500 Energy 52 Cells 193 Inventory=193


INFO: Step 8780 Flips 800/22500 Energy 133 Cells 193 Inventory=193


INFO: Step 8790 Flips 786/22500 Energy 252 Cells 193 Inventory=193


INFO: Step 8800 Flips 837/22500 Energy 90 Cells 193 Inventory=193


INFO: Step 8810 Flips 755/22500 Energy 66 Cells 193 Inventory=193


INFO: Step 8820 Flips 793/22500 Energy 144 Cells 193 Inventory=193


INFO: Step 8830 Flips 768/22500 Energy -84 Cells 193 Inventory=193


INFO: Step 8840 Flips 724/22500 Energy -82 Cells 193 Inventory=193


INFO: Step 8850 Flips 822/22500 Energy 88 Cells 193 Inventory=193


INFO: Step 8860 Flips 830/22500 Energy 236 Cells 193 Inventory=193


INFO: Step 8870 Flips 724/22500 Energy -34 Cells 193 Inventory=193


INFO: Step 8880 Flips 791/22500 Energy 202 Cells 193 Inventory=193


INFO: Step 8890 Flips 760/22500 Energy 36 Cells 193 Inventory=193


INFO: Step 8900 Flips 787/22500 Energy 158 Cells 193 Inventory=193


INFO: Step 8910 Flips 804/22500 Energy 254 Cells 193 Inventory=193


INFO: Step 8920 Flips 826/22500 Energy 172 Cells 193 Inventory=193


INFO: Step 8930 Flips 718/22500 Energy 426 Cells 193 Inventory=193


INFO: Step 8940 Flips 813/22500 Energy -198 Cells 193 Inventory=193


INFO: Step 8950 Flips 779/22500 Energy 138 Cells 193 Inventory=193


INFO: Step 8960 Flips 755/22500 Energy 146 Cells 193 Inventory=193


INFO: Step 8970 Flips 749/22500 Energy -132 Cells 193 Inventory=193


INFO: Step 8980 Flips 762/22500 Energy -414 Cells 193 Inventory=193


INFO: Step 8990 Flips 795/22500 Energy -244 Cells 193 Inventory=193


INFO: Step 9000 Flips 790/22500 Energy -58 Cells 193 Inventory=193


INFO: Step 9010 Flips 743/22500 Energy -84 Cells 193 Inventory=193


INFO: Step 9020 Flips 809/22500 Energy 450 Cells 193 Inventory=193


INFO: Step 9030 Flips 754/22500 Energy -164 Cells 193 Inventory=193


INFO: Step 9040 Flips 743/22500 Energy -260 Cells 193 Inventory=193


INFO: Step 9050 Flips 817/22500 Energy -434 Cells 193 Inventory=193


INFO: Step 9060 Flips 794/22500 Energy 412 Cells 193 Inventory=193


INFO: Step 9070 Flips 765/22500 Energy 8 Cells 193 Inventory=193


INFO: Step 9080 Flips 762/22500 Energy 4 Cells 193 Inventory=193


INFO: Step 9090 Flips 798/22500 Energy 380 Cells 193 Inventory=193


INFO: Step 9100 Flips 812/22500 Energy 106 Cells 193 Inventory=193


INFO: Step 9110 Flips 804/22500 Energy 36 Cells 193 Inventory=193


INFO: Step 9120 Flips 814/22500 Energy 12 Cells 193 Inventory=193


INFO: Step 9130 Flips 787/22500 Energy 360 Cells 193 Inventory=193


INFO: Step 9140 Flips 815/22500 Energy -322 Cells 193 Inventory=193


INFO: Step 9150 Flips 787/22500 Energy 236 Cells 193 Inventory=193


INFO: Step 9160 Flips 753/22500 Energy -66 Cells 193 Inventory=193


INFO: Step 9170 Flips 762/22500 Energy 28 Cells 193 Inventory=193


INFO: Step 9180 Flips 771/22500 Energy -376 Cells 193 Inventory=193


INFO: Step 9190 Flips 812/22500 Energy 130 Cells 193 Inventory=193


INFO: Step 9200 Flips 826/22500 Energy 96 Cells 193 Inventory=193


INFO: Step 9210 Flips 779/22500 Energy 194 Cells 193 Inventory=193


INFO: Step 9220 Flips 766/22500 Energy 189 Cells 193 Inventory=193


INFO: Step 9230 Flips 838/22500 Energy 106 Cells 193 Inventory=193


INFO: Step 9240 Flips 782/22500 Energy -68 Cells 193 Inventory=193


INFO: Step 9250 Flips 824/22500 Energy 10 Cells 193 Inventory=193


INFO: Step 9260 Flips 752/22500 Energy -150 Cells 193 Inventory=193


INFO: Step 9270 Flips 776/22500 Energy 322 Cells 193 Inventory=193


INFO: Step 9280 Flips 832/22500 Energy 16 Cells 193 Inventory=193


INFO: Step 9290 Flips 765/22500 Energy -122 Cells 193 Inventory=193


INFO: Step 9300 Flips 748/22500 Energy -68 Cells 193 Inventory=193


INFO: Step 9310 Flips 780/22500 Energy -88 Cells 193 Inventory=193


INFO: Step 9320 Flips 792/22500 Energy 314 Cells 193 Inventory=193


INFO: Step 9330 Flips 769/22500 Energy 142 Cells 193 Inventory=193


INFO: Step 9340 Flips 820/22500 Energy 80 Cells 193 Inventory=193


INFO: Step 9350 Flips 755/22500 Energy 77 Cells 193 Inventory=193


INFO: Step 9360 Flips 755/22500 Energy 124 Cells 193 Inventory=193


INFO: Step 9370 Flips 788/22500 Energy -14 Cells 193 Inventory=193


INFO: Step 9380 Flips 766/22500 Energy 320 Cells 193 Inventory=193


INFO: Step 9390 Flips 795/22500 Energy -254 Cells 193 Inventory=193


INFO: Step 9400 Flips 858/22500 Energy 2 Cells 193 Inventory=193


INFO: Step 9410 Flips 772/22500 Energy -410 Cells 193 Inventory=193


INFO: Step 9420 Flips 804/22500 Energy 194 Cells 193 Inventory=193


INFO: Step 9430 Flips 767/22500 Energy 272 Cells 193 Inventory=193


INFO: Step 9440 Flips 753/22500 Energy 12 Cells 193 Inventory=193


INFO: Step 9450 Flips 749/22500 Energy -76 Cells 193 Inventory=193


INFO: Step 9460 Flips 752/22500 Energy 442 Cells 193 Inventory=193


INFO: Step 9470 Flips 764/22500 Energy -278 Cells 193 Inventory=193


INFO: Step 9480 Flips 719/22500 Energy -192 Cells 193 Inventory=193


INFO: Step 9490 Flips 756/22500 Energy -16 Cells 193 Inventory=193


INFO: Step 9500 Flips 761/22500 Energy -120 Cells 193 Inventory=193


INFO: Step 9510 Flips 744/22500 Energy 2 Cells 193 Inventory=193


INFO: Step 9520 Flips 771/22500 Energy 284 Cells 193 Inventory=193


INFO: Step 9530 Flips 739/22500 Energy -36 Cells 193 Inventory=193


INFO: Step 9540 Flips 777/22500 Energy -280 Cells 193 Inventory=193


INFO: Step 9550 Flips 780/22500 Energy 170 Cells 193 Inventory=193


INFO: Step 9560 Flips 800/22500 Energy -463 Cells 193 Inventory=193


INFO: Step 9570 Flips 795/22500 Energy 302 Cells 193 Inventory=193


INFO: Step 9580 Flips 789/22500 Energy 166 Cells 193 Inventory=193


INFO: Step 9590 Flips 740/22500 Energy 26 Cells 193 Inventory=193


INFO: Step 9600 Flips 814/22500 Energy -366 Cells 193 Inventory=193


INFO: Step 9610 Flips 806/22500 Energy -14 Cells 193 Inventory=193


INFO: Step 9620 Flips 823/22500 Energy 120 Cells 193 Inventory=193


INFO: Step 9630 Flips 786/22500 Energy 158 Cells 193 Inventory=193


INFO: Step 9640 Flips 805/22500 Energy 230 Cells 193 Inventory=193


INFO: Step 9650 Flips 773/22500 Energy -138 Cells 193 Inventory=193


INFO: Step 9660 Flips 781/22500 Energy 314 Cells 193 Inventory=193


INFO: Step 9670 Flips 776/22500 Energy -136 Cells 193 Inventory=193


INFO: Step 9680 Flips 799/22500 Energy 318 Cells 193 Inventory=193


INFO: Step 9690 Flips 802/22500 Energy -106 Cells 193 Inventory=193


INFO: Step 9700 Flips 854/22500 Energy 228 Cells 193 Inventory=193


INFO: Step 9710 Flips 758/22500 Energy -208 Cells 193 Inventory=193


INFO: Step 9720 Flips 845/22500 Energy -38 Cells 193 Inventory=193


INFO: Step 9730 Flips 759/22500 Energy 268 Cells 193 Inventory=193


INFO: Step 9740 Flips 835/22500 Energy -136 Cells 193 Inventory=193


INFO: Step 9750 Flips 708/22500 Energy 146 Cells 193 Inventory=193


INFO: Step 9760 Flips 805/22500 Energy 352 Cells 193 Inventory=193


INFO: Step 9770 Flips 793/22500 Energy 8 Cells 193 Inventory=193


INFO: Step 9780 Flips 803/22500 Energy -52 Cells 193 Inventory=193


INFO: Step 9790 Flips 779/22500 Energy -24 Cells 193 Inventory=193


INFO: Step 9800 Flips 785/22500 Energy -10 Cells 193 Inventory=193


INFO: Step 9810 Flips 772/22500 Energy -86 Cells 193 Inventory=193


INFO: Step 9820 Flips 824/22500 Energy 358 Cells 193 Inventory=193


INFO: Step 9830 Flips 830/22500 Energy 336 Cells 193 Inventory=193


INFO: Step 9840 Flips 798/22500 Energy 162 Cells 193 Inventory=193


INFO: Step 9850 Flips 828/22500 Energy 202 Cells 193 Inventory=193


INFO: Step 9860 Flips 857/22500 Energy 66 Cells 193 Inventory=193


INFO: Step 9870 Flips 730/22500 Energy 210 Cells 193 Inventory=193


INFO: Step 9880 Flips 749/22500 Energy -96 Cells 193 Inventory=193


INFO: Step 9890 Flips 761/22500 Energy 138 Cells 193 Inventory=193


INFO: Step 9900 Flips 801/22500 Energy -94 Cells 193 Inventory=193


INFO: Step 9910 Flips 801/22500 Energy -176 Cells 193 Inventory=193


INFO: Step 9920 Flips 853/22500 Energy -30 Cells 193 Inventory=193


INFO: Step 9930 Flips 755/22500 Energy 350 Cells 193 Inventory=193


INFO: Step 9940 Flips 756/22500 Energy 476 Cells 193 Inventory=193


INFO: Step 9950 Flips 788/22500 Energy -42 Cells 193 Inventory=193


INFO: Step 9960 Flips 806/22500 Energy 48 Cells 193 Inventory=193


INFO: Step 9970 Flips 796/22500 Energy -40 Cells 193 Inventory=193


INFO: Step 9980 Flips 777/22500 Energy 500 Cells 193 Inventory=193


INFO: Step 9990 Flips 787/22500 Energy 372 Cells 193 Inventory=193


