INFO: Step 0 
INFO: Energy 0 
INFO: Cells 193
INFO: Step 0 Flips 943/22500 Energy 9726 Cells 193 Inventory=193
Metropolis Fast
total number of pixel copy attempts=22500

INFO: Step 10 Flips 1388/22500 Energy -203 Cells 193 Inventory=193


INFO: Step 20 Flips 1480/22500 Energy 591 Cells 193 Inventory=193


INFO: Step 30 Flips 1521/22500 Energy -496 Cells 193 Inventory=193


INFO: Step 40 Flips 1501/22500 Energy -272 Cells 193 Inventory=193


INFO: Step 50 Flips 1486/22500 Energy -1620 Cells 193 Inventory=193


INFO: Step 60 Flips 1453/22500 Energy 2689 Cells 193 Inventory=193


INFO: Step 70 Flips 1520/22500 Energy 397 Cells 193 Inventory=193


INFO: Step 80 Flips 1493/22500 Energy 553 Cells 193 Inventory=193


INFO: Step 90 Flips 1448/22500 Energy -241 Cells 193 Inventory=193


INFO: Step 100 Flips 1479/22500 Energy 1399 Cells 193 Inventory=193


INFO: Step 110 Flips 1434/22500 Energy -10 Cells 193 Inventory=193


INFO: Step 120 Flips 1425/22500 Energy -355 Cells 193 Inventory=193


INFO: Step 130 Flips 1513/22500 Energy -286 Cells 193 Inventory=193


INFO: Step 140 Flips 1419/22500 Energy 368 Cells 193 Inventory=193


INFO: Step 150 Flips 1391/22500 Energy 1020 Cells 193 Inventory=193


INFO: Step 160 Flips 1399/22500 Energy -378 Cells 193 Inventory=193


INFO: Step 170 Flips 1471/22500 Energy 201 Cells 193 Inventory=193


INFO: Step 180 Flips 1448/22500 Energy 261 Cells 193 Inventory=193


INFO: Step 190 Flips 1508/22500 Energy -1497 Cells 193 Inventory=193


INFO: Step 200 Flips 1378/22500 Energy 364 Cells 193 Inventory=193


INFO: Step 210 Flips 1450/22500 Energy -1630 Cells 193 Inventory=193


INFO: Step 220 Flips 1397/22500 Energy -917 Cells 193 Inventory=193


INFO: Step 230 Flips 1488/22500 Energy -1655 Cells 193 Inventory=193


INFO: Step 240 Flips 1542/22500 Energy -733 Cells 193 Inventory=193


INFO: Step 250 Flips 1472/22500 Energy 73 Cells 193 Inventory=193


INFO: Step 260 Flips 1416/22500 Energy 889 Cells 193 Inventory=193


INFO: Step 270 Flips 1415/22500 Energy 1630 Cells 193 Inventory=193


INFO: Step 280 Flips 1490/22500 Energy 87 Cells 193 Inventory=193


INFO: Step 290 Flips 1449/22500 Energy 468 Cells 193 Inventory=193


INFO: Step 300 Flips 1445/22500 Energy 1685 Cells 193 Inventory=193


INFO: Step 310 Flips 1438/22500 Energy 372 Cells 193 Inventory=193


INFO: Step 320 Flips 1435/22500 Energy -430 Cells 193 Inventory=193


INFO: Step 330 Flips 1409/22500 Energy 553 Cells 193 Inventory=193


INFO: Step 340 Flips 1461/22500 Energy 123 Cells 193 Inventory=193


INFO: Step 350 Flips 1498/22500 Energy 1422 Cells 193 Inventory=193


INFO: Step 360 Flips 1469/22500 Energy 468 Cells 193 Inventory=193


INFO: Step 370 Flips 1460/22500 Energy 65 Cells 193 Inventory=193


INFO: Step 380 Flips 1547/22500 Energy 130 Cells 193 Inventory=193


INFO: Step 390 Flips 1493/22500 Energy -1526 Cells 193 Inventory=193


INFO: Step 400 Flips 1466/22500 Energy -762 Cells 193 Inventory=193


INFO: Step 410 Flips 1430/22500 Energy -631 Cells 193 Inventory=193


INFO: Step 420 Flips 1447/22500 Energy -608 Cells 193 Inventory=193


INFO: Step 430 Flips 1537/22500 Energy 403 Cells 193 Inventory=193


INFO: Step 440 Flips 1472/22500 Energy 921 Cells 193 Inventory=193


INFO: Step 450 Flips 1487/22500 Energy -7 Cells 193 Inventory=193


INFO: Step 460 Flips 1410/22500 Energy -282 Cells 193 Inventory=193


INFO: Step 470 Flips 1419/22500 Energy -289 Cells 193 Inventory=193


INFO: Step 480 Flips 1438/22500 Energy 494 Cells 193 Inventory=193


INFO: Step 490 Flips 1361/22500 Energy -436 Cells 193 Inventory=193


INFO: Step 500 Flips 1422/22500 Energy -75 Cells 193 Inventory=193


INFO: Step 510 Flips 1465/22500 Energy -631 Cells 193 Inventory=193


INFO: Step 520 Flips 1433/22500 Energy -218 Cells 193 Inventory=193


INFO: Step 530 Flips 1436/22500 Energy -444 Cells 193 Inventory=193


INFO: Step 540 Flips 1466/22500 Energy 515 Cells 193 Inventory=193


INFO: Step 550 Flips 1478/22500 Energy -1191 Cells 193 Inventory=193


INFO: Step 560 Flips 1456/22500 Energy 728 Cells 193 Inventory=193


INFO: Step 570 Flips 1426/22500 Energy -889 Cells 193 Inventory=193


INFO: Step 580 Flips 1475/22500 Energy 832 Cells 193 Inventory=193


INFO: Step 590 Flips 1441/22500 Energy -434 Cells 193 Inventory=193


INFO: Step 600 Flips 1424/22500 Energy 184 Cells 193 Inventory=193


INFO: Step 610 Flips 1434/22500 Energy -145 Cells 193 Inventory=193


INFO: Step 620 Flips 1461/22500 Energy 791 Cells 193 Inventory=193


INFO: Step 630 Flips 1416/22500 Energy 1174 Cells 193 Inventory=193


INFO: Step 640 Flips 1361/22500 Energy -1459 Cells 193 Inventory=193


INFO: Step 650 Flips 1448/22500 Energy 946 Cells 193 Inventory=193


INFO: Step 660 Flips 1453/22500 Energy 703 Cells 193 Inventory=193


INFO: Step 670 Flips 1451/22500 Energy 294 Cells 193 Inventory=193


INFO: Step 680 Flips 1430/22500 Energy -1498 Cells 193 Inventory=193


INFO: Step 690 Flips 1383/22500 Energy -638 Cells 193 Inventory=193


INFO: Step 700 Flips 1459/22500 Energy 223 Cells 193 Inventory=193


INFO: Step 710 Flips 1413/22500 Energy -1997 Cells 193 Inventory=193


INFO: Step 720 Flips 1477/22500 Energy 1414 Cells 193 Inventory=193


INFO: Step 730 Flips 1360/22500 Energy 407 Cells 193 Inventory=193


INFO: Step 740 Flips 1409/22500 Energy 1060 Cells 193 Inventory=193


INFO: Step 750 Flips 1453/22500 Energy 1100 Cells 193 Inventory=193


INFO: Step 760 Flips 1451/22500 Energy -399 Cells 193 Inventory=193


INFO: Step 770 Flips 1366/22500 Energy -292 Cells 193 Inventory=193


INFO: Step 780 Flips 1391/22500 Energy -898 Cells 193 Inventory=193


INFO: Step 790 Flips 1461/22500 Energy 2179 Cells 193 Inventory=193


INFO: Step 800 Flips 1469/22500 Energy 1100 Cells 193 Inventory=193


INFO: Step 810 Flips 1455/22500 Energy -556 Cells 193 Inventory=193


INFO: Step 820 Flips 1544/22500 Energy -430 Cells 193 Inventory=193


INFO: Step 830 Flips 1443/22500 Energy 71 Cells 193 Inventory=193


INFO: Step 840 Flips 1503/22500 Energy 170 Cells 193 Inventory=193


INFO: Step 850 Flips 1491/22500 Energy -202 Cells 193 Inventory=193


INFO: Step 860 Flips 1547/22500 Energy -733 Cells 193 Inventory=193


INFO: Step 870 Flips 1495/22500 Energy 1217 Cells 193 Inventory=193


INFO: Step 880 Flips 1381/22500 Energy -1651 Cells 193 Inventory=193


INFO: Step 890 Flips 1474/22500 Energy 181 Cells 193 Inventory=193


INFO: Step 900 Flips 1446/22500 Energy -2581 Cells 193 Inventory=193


INFO: Step 910 Flips 1366/22500 Energy 244 Cells 193 Inventory=193


INFO: Step 920 Flips 1477/22500 Energy 529 Cells 193 Inventory=193


INFO: Step 930 Flips 1493/22500 Energy -327 Cells 193 Inventory=193


INFO: Step 940 Flips 1478/22500 Energy 1030 Cells 193 Inventory=193


INFO: Step 950 Flips 1476/22500 Energy -102 Cells 193 Inventory=193


INFO: Step 960 Flips 1390/22500 Energy 460 Cells 193 Inventory=193


INFO: Step 970 Flips 1401/22500 Energy -81 Cells 193 Inventory=193


INFO: Step 980 Flips 1409/22500 Energy 66 Cells 193 Inventory=193


INFO: Step 990 Flips 1431/22500 Energy 608 Cells 193 Inventory=193


INFO: Step 1000 Flips 1377/22500 Energy 491 Cells 193 Inventory=193


INFO: Step 1010 Flips 1408/22500 Energy 1187 Cells 193 Inventory=193


INFO: Step 1020 Flips 1467/22500 Energy -933 Cells 193 Inventory=193


INFO: Step 1030 Flips 1469/22500 Energy -789 Cells 193 Inventory=193


INFO: Step 1040 Flips 1448/22500 Energy 155 Cells 193 Inventory=193


INFO: Step 1050 Flips 1446/22500 Energy -582 Cells 193 Inventory=193


INFO: Step 1060 Flips 1493/22500 Energy 764 Cells 193 Inventory=193


INFO: Step 1070 Flips 1468/22500 Energy 547 Cells 193 Inventory=193


INFO: Step 1080 Flips 1524/22500 Energy 1138 Cells 193 Inventory=193


INFO: Step 1090 Flips 1417/22500 Energy 690 Cells 193 Inventory=193


INFO: Step 1100 Flips 1462/22500 Energy -720 Cells 193 Inventory=193


INFO: Step 1110 Flips 1430/22500 Energy 556 Cells 193 Inventory=193


INFO: Step 1120 Flips 1421/22500 Energy 350 Cells 193 Inventory=193


INFO: Step 1130 Flips 1386/22500 Energy -74 Cells 193 Inventory=193


INFO: Step 1140 Flips 1433/22500 Energy 683 Cells 193 Inventory=193


INFO: Step 1150 Flips 1428/22500 Energy -1813 Cells 193 Inventory=193


INFO: Step 1160 Flips 1462/22500 Energy 1247 Cells 193 Inventory=193


INFO: Step 1170 Flips 1394/22500 Energy -518 Cells 193 Inventory=193


INFO: Step 1180 Flips 1428/22500 Energy 567 Cells 193 Inventory=193


INFO: Step 1190 Flips 1429/22500 Energy -581 Cells 193 Inventory=193


INFO: Step 1200 Flips 1385/22500 Energy -519 Cells 193 Inventory=193


INFO: Step 1210 Flips 1512/22500 Energy -122 Cells 193 Inventory=193


INFO: Step 1220 Flips 1431/22500 Energy -77 Cells 193 Inventory=193


INFO: Step 1230 Flips 1453/22500 Energy 1032 Cells 193 Inventory=193


INFO: Step 1240 Flips 1441/22500 Energy -98 Cells 193 Inventory=193


INFO: Step 1250 Flips 1433/22500 Energy -440 Cells 193 Inventory=193


INFO: Step 1260 Flips 1479/22500 Energy -465 Cells 193 Inventory=193


INFO: Step 1270 Flips 1445/22500 Energy -524 Cells 193 Inventory=193


INFO: Step 1280 Flips 1426/22500 Energy -1279 Cells 193 Inventory=193


INFO: Step 1290 Flips 1438/22500 Energy 728 Cells 193 Inventory=193


INFO: Step 1300 Flips 1487/22500 Energy -237 Cells 193 Inventory=193


INFO: Step 1310 Flips 1472/22500 Energy -121 Cells 193 Inventory=193


INFO: Step 1320 Flips 1387/22500 Energy 174 Cells 193 Inventory=193


INFO: Step 1330 Flips 1418/22500 Energy -1074 Cells 193 Inventory=193


INFO: Step 1340 Flips 1500/22500 Energy 838 Cells 193 Inventory=193


INFO: Step 1350 Flips 1472/22500 Energy 718 Cells 193 Inventory=193


INFO: Step 1360 Flips 1522/22500 Energy -687 Cells 193 Inventory=193


INFO: Step 1370 Flips 1388/22500 Energy 1265 Cells 193 Inventory=193


INFO: Step 1380 Flips 1509/22500 Energy -2 Cells 193 Inventory=193


INFO: Step 1390 Flips 1516/22500 Energy -1833 Cells 193 Inventory=193


INFO: Step 1400 Flips 1501/22500 Energy -1013 Cells 193 Inventory=193


INFO: Step 1410 Flips 1409/22500 Energy -430 Cells 193 Inventory=193


INFO: Step 1420 Flips 1496/22500 Energy 1935 Cells 193 Inventory=193


INFO: Step 1430 Flips 1475/22500 Energy -1736 Cells 193 Inventory=193


INFO: Step 1440 Flips 1455/22500 Energy 530 Cells 193 Inventory=193


INFO: Step 1450 Flips 1518/22500 Energy -445 Cells 193 Inventory=193


INFO: Step 1460 Flips 1517/22500 Energy 1302 Cells 193 Inventory=193


INFO: Step 1470 Flips 1445/22500 Energy -548 Cells 193 Inventory=193


INFO: Step 1480 Flips 1394/22500 Energy 33 Cells 193 Inventory=193


INFO: Step 1490 Flips 1510/22500 Energy 0 Cells 193 Inventory=193


INFO: Step 1500 Flips 1448/22500 Energy -194 Cells 193 Inventory=193


INFO: Step 1510 Flips 1482/22500 Energy 806 Cells 193 Inventory=193


INFO: Step 1520 Flips 1485/22500 Energy 648 Cells 193 Inventory=193


INFO: Step 1530 Flips 1503/22500 Energy 168 Cells 193 Inventory=193


INFO: Step 1540 Flips 1501/22500 Energy 87 Cells 193 Inventory=193


INFO: Step 1550 Flips 1450/22500 Energy -579 Cells 193 Inventory=193


INFO: Step 1560 Flips 1429/22500 Energy 305 Cells 193 Inventory=193


INFO: Step 1570 Flips 1510/22500 Energy -231 Cells 193 Inventory=193


INFO: Step 1580 Flips 1487/22500 Energy -407 Cells 193 Inventory=193


INFO: Step 1590 Flips 1495/22500 Energy 21 Cells 193 Inventory=193


INFO: Step 1600 Flips 1485/22500 Energy 207 Cells 193 Inventory=193


INFO: Step 1610 Flips 1495/22500 Energy -293 Cells 193 Inventory=193


INFO: Step 1620 Flips 1444/22500 Energy 30 Cells 193 Inventory=193


INFO: Step 1630 Flips 1433/22500 Energy -402 Cells 193 Inventory=193


INFO: Step 1640 Flips 1465/22500 Energy -1216 Cells 193 Inventory=193


INFO: Step 1650 Flips 1535/22500 Energy -259 Cells 193 Inventory=193


INFO: Step 1660 Flips 1412/22500 Energy -40 Cells 193 Inventory=193


INFO: Step 1670 Flips 1477/22500 Energy -574 Cells 193 Inventory=193


INFO: Step 1680 Flips 1514/22500 Energy -603 Cells 193 Inventory=193


INFO: Step 1690 Flips 1467/22500 Energy 238 Cells 193 Inventory=193


INFO: Step 1700 Flips 1438/22500 Energy 756 Cells 193 Inventory=193


INFO: Step 1710 Flips 1505/22500 Energy -762 Cells 193 Inventory=193


INFO: Step 1720 Flips 1436/22500 Energy -1011 Cells 193 Inventory=193


INFO: Step 1730 Flips 1465/22500 Energy 781 Cells 193 Inventory=193


INFO: Step 1740 Flips 1523/22500 Energy 600 Cells 193 Inventory=193


INFO: Step 1750 Flips 1468/22500 Energy 691 Cells 193 Inventory=193


INFO: Step 1760 Flips 1504/22500 Energy -1289 Cells 193 Inventory=193


INFO: Step 1770 Flips 1456/22500 Energy 639 Cells 193 Inventory=193


INFO: Step 1780 Flips 1457/22500 Energy -434 Cells 193 Inventory=193


INFO: Step 1790 Flips 1469/22500 Energy 1075 Cells 193 Inventory=193


INFO: Step 1800 Flips 1469/22500 Energy 66 Cells 193 Inventory=193


INFO: Step 1810 Flips 1526/22500 Energy -308 Cells 193 Inventory=193


INFO: Step 1820 Flips 1481/22500 Energy 1072 Cells 193 Inventory=193


INFO: Step 1830 Flips 1487/22500 Energy -81 Cells 193 Inventory=193


INFO: Step 1840 Flips 1477/22500 Energy -428 Cells 193 Inventory=193


INFO: Step 1850 Flips 1474/22500 Energy -1468 Cells 193 Inventory=193


INFO: Step 1860 Flips 1544/22500 Energy 720 Cells 193 Inventory=193


INFO: Step 1870 Flips 1445/22500 Energy 573 Cells 193 Inventory=193


INFO: Step 1880 Flips 1430/22500 Energy -661 Cells 193 Inventory=193


INFO: Step 1890 Flips 1506/22500 Energy -1502 Cells 193 Inventory=193


INFO: Step 1900 Flips 1445/22500 Energy -626 Cells 193 Inventory=193


INFO: Step 1910 Flips 1521/22500 Energy 21 Cells 193 Inventory=193


INFO: Step 1920 Flips 1502/22500 Energy -471 Cells 193 Inventory=193


INFO: Step 1930 Flips 1447/22500 Energy -574 Cells 193 Inventory=193


INFO: Step 1940 Flips 1465/22500 Energy 1434 Cells 193 Inventory=193


INFO: Step 1950 Flips 1465/22500 Energy -1118 Cells 193 Inventory=193


INFO: Step 1960 Flips 1556/22500 Energy 513 Cells 193 Inventory=193


INFO: Step 1970 Flips 1460/22500 Energy 593 Cells 193 Inventory=193


INFO: Step 1980 Flips 1461/22500 Energy -537 Cells 193 Inventory=193


INFO: Step 1990 Flips 1453/22500 Energy -301 Cells 193 Inventory=193


INFO: Step 2000 Flips 1424/22500 Energy 474 Cells 193 Inventory=193


INFO: Step 2010 Flips 1508/22500 Energy -301 Cells 193 Inventory=193


INFO: Step 2020 Flips 1517/22500 Energy -169 Cells 193 Inventory=193


INFO: Step 2030 Flips 1388/22500 Energy 1599 Cells 193 Inventory=193


INFO: Step 2040 Flips 1477/22500 Energy 1153 Cells 193 Inventory=193


INFO: Step 2050 Flips 1528/22500 Energy 504 Cells 193 Inventory=193


INFO: Step 2060 Flips 1490/22500 Energy 416 Cells 193 Inventory=193


INFO: Step 2070 Flips 1450/22500 Energy -1455 Cells 193 Inventory=193


INFO: Step 2080 Flips 1460/22500 Energy -554 Cells 193 Inventory=193


INFO: Step 2090 Flips 1540/22500 Energy 1079 Cells 193 Inventory=193


INFO: Step 2100 Flips 1482/22500 Energy -328 Cells 193 Inventory=193


INFO: Step 2110 Flips 1469/22500 Energy 640 Cells 193 Inventory=193


INFO: Step 2120 Flips 1491/22500 Energy 221 Cells 193 Inventory=193


INFO: Step 2130 Flips 1432/22500 Energy 478 Cells 193 Inventory=193


INFO: Step 2140 Flips 1477/22500 Energy -603 Cells 193 Inventory=193


INFO: Step 2150 Flips 1512/22500 Energy -1277 Cells 193 Inventory=193


INFO: Step 2160 Flips 1496/22500 Energy 2374 Cells 193 Inventory=193


INFO: Step 2170 Flips 1424/22500 Energy -325 Cells 193 Inventory=193


INFO: Step 2180 Flips 1488/22500 Energy 1083 Cells 193 Inventory=193


INFO: Step 2190 Flips 1481/22500 Energy 395 Cells 193 Inventory=193


INFO: Step 2200 Flips 1500/22500 Energy 2194 Cells 193 Inventory=193


INFO: Step 2210 Flips 1465/22500 Energy -1665 Cells 193 Inventory=193


INFO: Step 2220 Flips 1477/22500 Energy 1391 Cells 193 Inventory=193


INFO: Step 2230 Flips 1425/22500 Energy 213 Cells 193 Inventory=193


INFO: Step 2240 Flips 1474/22500 Energy 407 Cells 193 Inventory=193


INFO: Step 2250 Flips 1418/22500 Energy -1425 Cells 193 Inventory=193


INFO: Step 2260 Flips 1465/22500 Energy 57 Cells 193 Inventory=193


INFO: Step 2270 Flips 1531/22500 Energy -1252 Cells 193 Inventory=193


INFO: Step 2280 Flips 1573/22500 Energy 279 Cells 193 Inventory=193


INFO: Step 2290 Flips 1529/22500 Energy 363 Cells 193 Inventory=193


INFO: Step 2300 Flips 1511/22500 Energy -957 Cells 193 Inventory=193


INFO: Step 2310 Flips 1495/22500 Energy 86 Cells 193 Inventory=193


INFO: Step 2320 Flips 1503/22500 Energy 1222 Cells 193 Inventory=193


INFO: Step 2330 Flips 1441/22500 Energy 399 Cells 193 Inventory=193


INFO: Step 2340 Flips 1490/22500 Energy -224 Cells 193 Inventory=193


INFO: Step 2350 Flips 1443/22500 Energy 375 Cells 193 Inventory=193


INFO: Step 2360 Flips 1463/22500 Energy 1579 Cells 193 Inventory=193


INFO: Step 2370 Flips 1415/22500 Energy 39 Cells 193 Inventory=193


INFO: Step 2380 Flips 1409/22500 Energy 987 Cells 193 Inventory=193


INFO: Step 2390 Flips 1436/22500 Energy -551 Cells 193 Inventory=193


INFO: Step 2400 Flips 1468/22500 Energy -302 Cells 193 Inventory=193


INFO: Step 2410 Flips 1511/22500 Energy -332 Cells 193 Inventory=193


INFO: Step 2420 Flips 1503/22500 Energy 532 Cells 193 Inventory=193


INFO: Step 2430 Flips 1468/22500 Energy -496 Cells 193 Inventory=193


INFO: Step 2440 Flips 1549/22500 Energy -965 Cells 193 Inventory=193


INFO: Step 2450 Flips 1470/22500 Energy -245 Cells 193 Inventory=193


INFO: Step 2460 Flips 1442/22500 Energy 317 Cells 193 Inventory=193


INFO: Step 2470 Flips 1515/22500 Energy 648 Cells 193 Inventory=193


INFO: Step 2480 Flips 1424/22500 Energy 295 Cells 193 Inventory=193


INFO: Step 2490 Flips 1531/22500 Energy 1631 Cells 193 Inventory=193


INFO: Step 2500 Flips 1523/22500 Energy -812 Cells 193 Inventory=193


INFO: Step 2510 Flips 1430/22500 Energy 859 Cells 193 Inventory=193


INFO: Step 2520 Flips 1498/22500 Energy 188 Cells 193 Inventory=193


INFO: Step 2530 Flips 1548/22500 Energy -928 Cells 193 Inventory=193


INFO: Step 2540 Flips 1517/22500 Energy -194 Cells 193 Inventory=193


INFO: Step 2550 Flips 1463/22500 Energy -572 Cells 193 Inventory=193


INFO: Step 2560 Flips 1501/22500 Energy -171 Cells 193 Inventory=193


INFO: Step 2570 Flips 1498/22500 Energy -923 Cells 193 Inventory=193


INFO: Step 2580 Flips 1529/22500 Energy 1124 Cells 193 Inventory=193


INFO: Step 2590 Flips 1457/22500 Energy 93 Cells 193 Inventory=193


INFO: Step 2600 Flips 1406/22500 Energy 103 Cells 193 Inventory=193


INFO: Step 2610 Flips 1466/22500 Energy 674 Cells 193 Inventory=193


INFO: Step 2620 Flips 1454/22500 Energy 1486 Cells 193 Inventory=193


INFO: Step 2630 Flips 1527/22500 Energy 676 Cells 193 Inventory=193


INFO: Step 2640 Flips 1543/22500 Energy -321 Cells 193 Inventory=193


INFO: Step 2650 Flips 1426/22500 Energy -906 Cells 193 Inventory=193


INFO: Step 2660 Flips 1514/22500 Energy 931 Cells 193 Inventory=193


INFO: Step 2670 Flips 1449/22500 Energy -328 Cells 193 Inventory=193


INFO: Step 2680 Flips 1430/22500 Energy 216 Cells 193 Inventory=193


INFO: Step 2690 Flips 1501/22500 Energy 838 Cells 193 Inventory=193


INFO: Step 2700 Flips 1490/22500 Energy 116 Cells 193 Inventory=193


INFO: Step 2710 Flips 1526/22500 Energy 277 Cells 193 Inventory=193


INFO: Step 2720 Flips 1517/22500 Energy -321 Cells 193 Inventory=193


INFO: Step 2730 Flips 1511/22500 Energy 2212 Cells 193 Inventory=193


INFO: Step 2740 Flips 1530/22500 Energy 329 Cells 193 Inventory=193


INFO: Step 2750 Flips 1512/22500 Energy 674 Cells 193 Inventory=193


INFO: Step 2760 Flips 1519/22500 Energy -147 Cells 193 Inventory=193


INFO: Step 2770 Flips 1492/22500 Energy 1115 Cells 193 Inventory=193


INFO: Step 2780 Flips 1480/22500 Energy 106 Cells 193 Inventory=193


INFO: Step 2790 Flips 1468/22500 Energy -1083 Cells 193 Inventory=193


INFO: Step 2800 Flips 1508/22500 Energy -543 Cells 193 Inventory=193


INFO: Step 2810 Flips 1473/22500 Energy -1882 Cells 193 Inventory=193


INFO: Step 2820 Flips 1513/22500 Energy -313 Cells 193 Inventory=193


INFO: Step 2830 Flips 1521/22500 Energy -411 Cells 193 Inventory=193


INFO: Step 2840 Flips 1525/22500 Energy 109 Cells 193 Inventory=193


INFO: Step 2850 Flips 1450/22500 Energy -152 Cells 193 Inventory=193


INFO: Step 2860 Flips 1489/22500 Energy 134 Cells 193 Inventory=193


INFO: Step 2870 Flips 1549/22500 Energy -28 Cells 193 Inventory=193


INFO: Step 2880 Flips 1514/22500 Energy 705 Cells 193 Inventory=193


INFO: Step 2890 Flips 1485/22500 Energy -625 Cells 193 Inventory=193


INFO: Step 2900 Flips 1487/22500 Energy -450 Cells 193 Inventory=193


INFO: Step 2910 Flips 1465/22500 Energy -331 Cells 193 Inventory=193


INFO: Step 2920 Flips 1580/22500 Energy -207 Cells 193 Inventory=193


INFO: Step 2930 Flips 1508/22500 Energy 185 Cells 193 Inventory=193


INFO: Step 2940 Flips 1476/22500 Energy 177 Cells 193 Inventory=193


INFO: Step 2950 Flips 1525/22500 Energy -396 Cells 193 Inventory=193


INFO: Step 2960 Flips 1446/22500 Energy -2 Cells 193 Inventory=193


INFO: Step 2970 Flips 1484/22500 Energy -969 Cells 193 Inventory=193


INFO: Step 2980 Flips 1519/22500 Energy -2425 Cells 193 Inventory=193


INFO: Step 2990 Flips 1508/22500 Energy 127 Cells 193 Inventory=193


INFO: Step 3000 Flips 1486/22500 Energy 645 Cells 193 Inventory=193


INFO: Step 3010 Flips 1509/22500 Energy -2849 Cells 193 Inventory=193


INFO: Step 3020 Flips 1561/22500 Energy -709 Cells 193 Inventory=193


INFO: Step 3030 Flips 1445/22500 Energy 1616 Cells 193 Inventory=193


INFO: Step 3040 Flips 1465/22500 Energy -207 Cells 193 Inventory=193


INFO: Step 3050 Flips 1427/22500 Energy -1718 Cells 193 Inventory=193


INFO: Step 3060 Flips 1448/22500 Energy 589 Cells 193 Inventory=193


INFO: Step 3070 Flips 1462/22500 Energy -892 Cells 193 Inventory=193


INFO: Step 3080 Flips 1478/22500 Energy 770 Cells 193 Inventory=193


INFO: Step 3090 Flips 1468/22500 Energy -907 Cells 193 Inventory=193


INFO: Step 3100 Flips 1508/22500 Energy 1167 Cells 193 Inventory=193


INFO: Step 3110 Flips 1480/22500 Energy 968 Cells 193 Inventory=193


INFO: Step 3120 Flips 1549/22500 Energy 212 Cells 193 Inventory=193


INFO: Step 3130 Flips 1522/22500 Energy -1022 Cells 193 Inventory=193


INFO: Step 3140 Flips 1514/22500 Energy -810 Cells 193 Inventory=193


INFO: Step 3150 Flips 1495/22500 Energy -459 Cells 193 Inventory=193


INFO: Step 3160 Flips 1476/22500 Energy -359 Cells 193 Inventory=193


INFO: Step 3170 Flips 1461/22500 Energy -825 Cells 193 Inventory=193


INFO: Step 3180 Flips 1527/22500 Energy -150 Cells 193 Inventory=193


INFO: Step 3190 Flips 1488/22500 Energy 676 Cells 193 Inventory=193


INFO: Step 3200 Flips 1525/22500 Energy -683 Cells 193 Inventory=193


INFO: Step 3210 Flips 1502/22500 Energy 302 Cells 193 Inventory=193


INFO: Step 3220 Flips 1561/22500 Energy 484 Cells 193 Inventory=193


INFO: Step 3230 Flips 1445/22500 Energy 1564 Cells 193 Inventory=193


INFO: Step 3240 Flips 1488/22500 Energy -161 Cells 193 Inventory=193


INFO: Step 3250 Flips 1480/22500 Energy -756 Cells 193 Inventory=193


INFO: Step 3260 Flips 1460/22500 Energy 684 Cells 193 Inventory=193


INFO: Step 3270 Flips 1484/22500 Energy 832 Cells 193 Inventory=193


INFO: Step 3280 Flips 1548/22500 Energy -739 Cells 193 Inventory=193


INFO: Step 3290 Flips 1509/22500 Energy -84 Cells 193 Inventory=193


INFO: Step 3300 Flips 1433/22500 Energy -1642 Cells 193 Inventory=193


INFO: Step 3310 Flips 1455/22500 Energy 462 Cells 193 Inventory=193


INFO: Step 3320 Flips 1489/22500 Energy -533 Cells 193 Inventory=193


INFO: Step 3330 Flips 1423/22500 Energy 476 Cells 193 Inventory=193


INFO: Step 3340 Flips 1439/22500 Energy 377 Cells 193 Inventory=193


INFO: Step 3350 Flips 1415/22500 Energy 135 Cells 193 Inventory=193


INFO: Step 3360 Flips 1483/22500 Energy 350 Cells 193 Inventory=193


INFO: Step 3370 Flips 1558/22500 Energy 904 Cells 193 Inventory=193


INFO: Step 3380 Flips 1463/22500 Energy 922 Cells 193 Inventory=193


INFO: Step 3390 Flips 1501/22500 Energy -1567 Cells 193 Inventory=193


INFO: Step 3400 Flips 1418/22500 Energy 717 Cells 193 Inventory=193


INFO: Step 3410 Flips 1545/22500 Energy -651 Cells 193 Inventory=193


INFO: Step 3420 Flips 1450/22500 Energy -151 Cells 193 Inventory=193


INFO: Step 3430 Flips 1506/22500 Energy 689 Cells 193 Inventory=193


INFO: Step 3440 Flips 1528/22500 Energy -984 Cells 193 Inventory=193


INFO: Step 3450 Flips 1576/22500 Energy -717 Cells 193 Inventory=193


INFO: Step 3460 Flips 1461/22500 Energy -566 Cells 193 Inventory=193


INFO: Step 3470 Flips 1458/22500 Energy 345 Cells 193 Inventory=193


INFO: Step 3480 Flips 1438/22500 Energy -660 Cells 193 Inventory=193


INFO: Step 3490 Flips 1524/22500 Energy 791 Cells 193 Inventory=193


INFO: Step 3500 Flips 1466/22500 Energy 760 Cells 193 Inventory=193


INFO: Step 3510 Flips 1452/22500 Energy 910 Cells 193 Inventory=193


INFO: Step 3520 Flips 1449/22500 Energy 469 Cells 193 Inventory=193


INFO: Step 3530 Flips 1495/22500 Energy -917 Cells 193 Inventory=193


INFO: Step 3540 Flips 1424/22500 Energy 1050 Cells 193 Inventory=193


INFO: Step 3550 Flips 1399/22500 Energy -518 Cells 193 Inventory=193


INFO: Step 3560 Flips 1445/22500 Energy -749 Cells 193 Inventory=193


INFO: Step 3570 Flips 1451/22500 Energy 275 Cells 193 Inventory=193


INFO: Step 3580 Flips 1422/22500 Energy -900 Cells 193 Inventory=193


INFO: Step 3590 Flips 1445/22500 Energy -276 Cells 193 Inventory=193


INFO: Step 3600 Flips 1457/22500 Energy 217 Cells 193 Inventory=193


INFO: Step 3610 Flips 1412/22500 Energy 566 Cells 193 Inventory=193


INFO: Step 3620 Flips 1610/22500 Energy 2444 Cells 193 Inventory=193


INFO: Step 3630 Flips 1541/22500 Energy 1021 Cells 193 Inventory=193


INFO: Step 3640 Flips 1483/22500 Energy 1543 Cells 193 Inventory=193


INFO: Step 3650 Flips 1459/22500 Energy -1913 Cells 193 Inventory=193


INFO: Step 3660 Flips 1456/22500 Energy -1627 Cells 193 Inventory=193


INFO: Step 3670 Flips 1464/22500 Energy -1006 Cells 193 Inventory=193


INFO: Step 3680 Flips 1525/22500 Energy -2326 Cells 193 Inventory=193


INFO: Step 3690 Flips 1401/22500 Energy -1229 Cells 193 Inventory=193


INFO: Step 3700 Flips 1509/22500 Energy -909 Cells 193 Inventory=193


INFO: Step 3710 Flips 1443/22500 Energy 214 Cells 193 Inventory=193


INFO: Step 3720 Flips 1435/22500 Energy -100 Cells 193 Inventory=193


INFO: Step 3730 Flips 1465/22500 Energy 132 Cells 193 Inventory=193


INFO: Step 3740 Flips 1441/22500 Energy 910 Cells 193 Inventory=193


INFO: Step 3750 Flips 1418/22500 Energy 2190 Cells 193 Inventory=193


INFO: Step 3760 Flips 1464/22500 Energy -185 Cells 193 Inventory=193


INFO: Step 3770 Flips 1521/22500 Energy 726 Cells 193 Inventory=193


INFO: Step 3780 Flips 1423/22500 Energy 40 Cells 193 Inventory=193


INFO: Step 3790 Flips 1450/22500 Energy 513 Cells 193 Inventory=193


INFO: Step 3800 Flips 1605/22500 Energy 252 Cells 193 Inventory=193


INFO: Step 3810 Flips 1514/22500 Energy 1820 Cells 193 Inventory=193


INFO: Step 3820 Flips 1451/22500 Energy -610 Cells 193 Inventory=193


INFO: Step 3830 Flips 1572/22500 Energy -270 Cells 193 Inventory=193


INFO: Step 3840 Flips 1492/22500 Energy 306 Cells 193 Inventory=193


INFO: Step 3850 Flips 1439/22500 Energy 129 Cells 193 Inventory=193


INFO: Step 3860 Flips 1472/22500 Energy 1462 Cells 193 Inventory=193


INFO: Step 3870 Flips 1514/22500 Energy -416 Cells 193 Inventory=193


INFO: Step 3880 Flips 1430/22500 Energy 32 Cells 193 Inventory=193


INFO: Step 3890 Flips 1478/22500 Energy 1759 Cells 193 Inventory=193


INFO: Step 3900 Flips 1456/22500 Energy 116 Cells 193 Inventory=193


INFO: Step 3910 Flips 1516/22500 Energy 165 Cells 193 Inventory=193


INFO: Step 3920 Flips 1590/22500 Energy 238 Cells 193 Inventory=193


INFO: Step 3930 Flips 1501/22500 Energy -597 Cells 193 Inventory=193


INFO: Step 3940 Flips 1458/22500 Energy 175 Cells 193 Inventory=193


INFO: Step 3950 Flips 1555/22500 Energy -798 Cells 193 Inventory=193


INFO: Step 3960 Flips 1459/22500 Energy -1005 Cells 193 Inventory=193


INFO: Step 3970 Flips 1467/22500 Energy 430 Cells 193 Inventory=193


INFO: Step 3980 Flips 1459/22500 Energy 591 Cells 193 Inventory=193


INFO: Step 3990 Flips 1466/22500 Energy -68 Cells 193 Inventory=193


INFO: Step 4000 Flips 1464/22500 Energy 980 Cells 193 Inventory=193


INFO: Step 4010 Flips 1527/22500 Energy -790 Cells 193 Inventory=193


INFO: Step 4020 Flips 1534/22500 Energy -705 Cells 193 Inventory=193


INFO: Step 4030 Flips 1462/22500 Energy 574 Cells 193 Inventory=193


INFO: Step 4040 Flips 1558/22500 Energy 1513 Cells 193 Inventory=193


INFO: Step 4050 Flips 1514/22500 Energy -466 Cells 193 Inventory=193


INFO: Step 4060 Flips 1454/22500 Energy -674 Cells 193 Inventory=193


INFO: Step 4070 Flips 1549/22500 Energy 764 Cells 193 Inventory=193


INFO: Step 4080 Flips 1502/22500 Energy -2117 Cells 193 Inventory=193


INFO: Step 4090 Flips 1530/22500 Energy 219 Cells 193 Inventory=193


INFO: Step 4100 Flips 1542/22500 Energy -251 Cells 193 Inventory=193


INFO: Step 4110 Flips 1497/22500 Energy 619 Cells 193 Inventory=193


INFO: Step 4120 Flips 1576/22500 Energy 383 Cells 193 Inventory=193


INFO: Step 4130 Flips 1544/22500 Energy 1177 Cells 193 Inventory=193


INFO: Step 4140 Flips 1488/22500 Energy 164 Cells 193 Inventory=193


INFO: Step 4150 Flips 1435/22500 Energy 802 Cells 193 Inventory=193


INFO: Step 4160 Flips 1468/22500 Energy 335 Cells 193 Inventory=193


INFO: Step 4170 Flips 1475/22500 Energy -98 Cells 193 Inventory=193


INFO: Step 4180 Flips 1455/22500 Energy -471 Cells 193 Inventory=193


INFO: Step 4190 Flips 1533/22500 Energy -348 Cells 193 Inventory=193


INFO: Step 4200 Flips 1483/22500 Energy 6 Cells 193 Inventory=193


INFO: Step 4210 Flips 1504/22500 Energy 889 Cells 193 Inventory=193


INFO: Step 4220 Flips 1467/22500 Energy -1202 Cells 193 Inventory=193


INFO: Step 4230 Flips 1474/22500 Energy 393 Cells 193 Inventory=193


INFO: Step 4240 Flips 1455/22500 Energy -224 Cells 193 Inventory=193


INFO: Step 4250 Flips 1514/22500 Energy 533 Cells 193 Inventory=193


INFO: Step 4260 Flips 1461/22500 Energy -1097 Cells 193 Inventory=193


INFO: Step 4270 Flips 1460/22500 Energy -125 Cells 193 Inventory=193


INFO: Step 4280 Flips 1459/22500 Energy 910 Cells 193 Inventory=193


INFO: Step 4290 Flips 1488/22500 Energy 599 Cells 193 Inventory=193


INFO: Step 4300 Flips 1424/22500 Energy -780 Cells 193 Inventory=193


INFO: Step 4310 Flips 1602/22500 Energy -246 Cells 193 Inventory=193


INFO: Step 4320 Flips 1452/22500 Energy 328 Cells 193 Inventory=193


INFO: Step 4330 Flips 1461/22500 Energy 1423 Cells 193 Inventory=193


INFO: Step 4340 Flips 1528/22500 Energy 362 Cells 193 Inventory=193


INFO: Step 4350 Flips 1447/22500 Energy -713 Cells 193 Inventory=193


INFO: Step 4360 Flips 1544/22500 Energy -1240 Cells 193 Inventory=193


INFO: Step 4370 Flips 1465/22500 Energy 934 Cells 193 Inventory=193


INFO: Step 4380 Flips 1412/22500 Energy 880 Cells 193 Inventory=193


INFO: Step 4390 Flips 1452/22500 Energy 1807 Cells 193 Inventory=193


INFO: Step 4400 Flips 1556/22500 Energy 208 Cells 193 Inventory=193


INFO: Step 4410 Flips 1446/22500 Energy -533 Cells 193 Inventory=193


INFO: Step 4420 Flips 1533/22500 Energy -723 Cells 193 Inventory=193


INFO: Step 4430 Flips 1478/22500 Energy 639 Cells 193 Inventory=193


INFO: Step 4440 Flips 1516/22500 Energy 178 Cells 193 Inventory=193


INFO: Step 4450 Flips 1450/22500 Energy 720 Cells 193 Inventory=193


INFO: Step 4460 Flips 1449/22500 Energy -543 Cells 193 Inventory=193


INFO: Step 4470 Flips 1497/22500 Energy 907 Cells 193 Inventory=193


INFO: Step 4480 Flips 1433/22500 Energy 647 Cells 193 Inventory=193


INFO: Step 4490 Flips 1499/22500 Energy -1050 Cells 193 Inventory=193


INFO: Step 4500 Flips 1441/22500 Energy -839 Cells 193 Inventory=193


INFO: Step 4510 Flips 1536/22500 Energy -468 Cells 193 Inventory=193


INFO: Step 4520 Flips 1423/22500 Energy 349 Cells 193 Inventory=193


INFO: Step 4530 Flips 1474/22500 Energy 1264 Cells 193 Inventory=193


INFO: Step 4540 Flips 1524/22500 Energy 301 Cells 193 Inventory=193


INFO: Step 4550 Flips 1516/22500 Energy -512 Cells 193 Inventory=193


INFO: Step 4560 Flips 1485/22500 Energy 941 Cells 193 Inventory=193


INFO: Step 4570 Flips 1479/22500 Energy 254 Cells 193 Inventory=193


INFO: Step 4580 Flips 1496/22500 Energy -585 Cells 193 Inventory=193


INFO: Step 4590 Flips 1458/22500 Energy -889 Cells 193 Inventory=193


INFO: Step 4600 Flips 1450/22500 Energy -987 Cells 193 Inventory=193


INFO: Step 4610 Flips 1493/22500 Energy -222 Cells 193 Inventory=193


INFO: Step 4620 Flips 1468/22500 Energy 658 Cells 193 Inventory=193


INFO: Step 4630 Flips 1409/22500 Energy -177 Cells 193 Inventory=193


INFO: Step 4640 Flips 1444/22500 Energy -112 Cells 193 Inventory=193


INFO: Step 4650 Flips 1443/22500 Energy 374 Cells 193 Inventory=193


INFO: Step 4660 Flips 1478/22500 Energy 426 Cells 193 Inventory=193


INFO: Step 4670 Flips 1463/22500 Energy -485 Cells 193 Inventory=193


INFO: Step 4680 Flips 1474/22500 Energy -1157 Cells 193 Inventory=193


INFO: Step 4690 Flips 1474/22500 Energy 768 Cells 193 Inventory=193


INFO: Step 4700 Flips 1483/22500 Energy -757 Cells 193 Inventory=193


INFO: Step 4710 Flips 1488/22500 Energy -775 Cells 193 Inventory=193


INFO: Step 4720 Flips 1479/22500 Energy -360 Cells 193 Inventory=193


INFO: Step 4730 Flips 1500/22500 Energy 1124 Cells 193 Inventory=193


INFO: Step 4740 Flips 1553/22500 Energy -785 Cells 193 Inventory=193


INFO: Step 4750 Flips 1421/22500 Energy 397 Cells 193 Inventory=193


INFO: Step 4760 Flips 1499/22500 Energy 494 Cells 193 Inventory=193


INFO: Step 4770 Flips 1523/22500 Energy -238 Cells 193 Inventory=193


INFO: Step 4780 Flips 1498/22500 Energy 795 Cells 193 Inventory=193


INFO: Step 4790 Flips 1508/22500 Energy 1200 Cells 193 Inventory=193


INFO: Step 4800 Flips 1495/22500 Energy -1416 Cells 193 Inventory=193


INFO: Step 4810 Flips 1477/22500 Energy -568 Cells 193 Inventory=193


INFO: Step 4820 Flips 1522/22500 Energy -461 Cells 193 Inventory=193


INFO: Step 4830 Flips 1500/22500 Energy -486 Cells 193 Inventory=193


INFO: Step 4840 Flips 1423/22500 Energy 754 Cells 193 Inventory=193


INFO: Step 4850 Flips 1534/22500 Energy 569 Cells 193 Inventory=193


INFO: Step 4860 Flips 1502/22500 Energy -1218 Cells 193 Inventory=193


INFO: Step 4870 Flips 1527/22500 Energy -532 Cells 193 Inventory=193


INFO: Step 4880 Flips 1551/22500 Energy 715 Cells 193 Inventory=193


INFO: Step 4890 Flips 1512/22500 Energy 923 Cells 193 Inventory=193


INFO: Step 4900 Flips 1505/22500 Energy 744 Cells 193 Inventory=193


INFO: Step 4910 Flips 1520/22500 Energy -657 Cells 193 Inventory=193


INFO: Step 4920 Flips 1427/22500 Energy -1442 Cells 193 Inventory=193


INFO: Step 4930 Flips 1503/22500 Energy 293 Cells 193 Inventory=193


INFO: Step 4940 Flips 1474/22500 Energy 437 Cells 193 Inventory=193


INFO: Step 4950 Flips 1546/22500 Energy -1075 Cells 193 Inventory=193


INFO: Step 4960 Flips 1494/22500 Energy -686 Cells 193 Inventory=193


INFO: Step 4970 Flips 1451/22500 Energy 35 Cells 193 Inventory=193


INFO: Step 4980 Flips 1435/22500 Energy 1089 Cells 193 Inventory=193


INFO: Step 4990 Flips 1531/22500 Energy 308 Cells 193 Inventory=193


INFO: Step 5000 Flips 1569/22500 Energy -1 Cells 193 Inventory=193


INFO: Step 5010 Flips 1447/22500 Energy 172 Cells 193 Inventory=193


INFO: Step 5020 Flips 1510/22500 Energy -256 Cells 193 Inventory=193


INFO: Step 5030 Flips 1494/22500 Energy 246 Cells 193 Inventory=193


INFO: Step 5040 Flips 1478/22500 Energy 488 Cells 193 Inventory=193


INFO: Step 5050 Flips 1410/22500 Energy -114 Cells 193 Inventory=193


INFO: Step 5060 Flips 1522/22500 Energy 119 Cells 193 Inventory=193


INFO: Step 5070 Flips 1469/22500 Energy -44 Cells 193 Inventory=193


INFO: Step 5080 Flips 1536/22500 Energy -43 Cells 193 Inventory=193


INFO: Step 5090 Flips 1561/22500 Energy -546 Cells 193 Inventory=193


INFO: Step 5100 Flips 1539/22500 Energy -55 Cells 193 Inventory=193


INFO: Step 5110 Flips 1506/22500 Energy 18 Cells 193 Inventory=193


INFO: Step 5120 Flips 1455/22500 Energy 1128 Cells 193 Inventory=193


INFO: Step 5130 Flips 1501/22500 Energy 461 Cells 193 Inventory=193


INFO: Step 5140 Flips 1486/22500 Energy -1255 Cells 193 Inventory=193


INFO: Step 5150 Flips 1612/22500 Energy 508 Cells 193 Inventory=193


INFO: Step 5160 Flips 1496/22500 Energy -1016 Cells 193 Inventory=193


INFO: Step 5170 Flips 1544/22500 Energy 45 Cells 193 Inventory=193


INFO: Step 5180 Flips 1505/22500 Energy -430 Cells 193 Inventory=193


INFO: Step 5190 Flips 1496/22500 Energy 1940 Cells 193 Inventory=193


INFO: Step 5200 Flips 1468/22500 Energy -1641 Cells 193 Inventory=193


INFO: Step 5210 Flips 1522/22500 Energy 7 Cells 193 Inventory=193


INFO: Step 5220 Flips 1511/22500 Energy 952 Cells 193 Inventory=193


INFO: Step 5230 Flips 1512/22500 Energy 65 Cells 193 Inventory=193


INFO: Step 5240 Flips 1506/22500 Energy -1658 Cells 193 Inventory=193


INFO: Step 5250 Flips 1450/22500 Energy -152 Cells 193 Inventory=193


INFO: Step 5260 Flips 1455/22500 Energy -302 Cells 193 Inventory=193


INFO: Step 5270 Flips 1525/22500 Energy -825 Cells 193 Inventory=193


INFO: Step 5280 Flips 1488/22500 Energy -15 Cells 193 Inventory=193


INFO: Step 5290 Flips 1485/22500 Energy -15 Cells 193 Inventory=193


INFO: Step 5300 Flips 1466/22500 Energy -98 Cells 193 Inventory=193


INFO: Step 5310 Flips 1524/22500 Energy 317 Cells 193 Inventory=193


INFO: Step 5320 Flips 1507/22500 Energy 1477 Cells 193 Inventory=193


INFO: Step 5330 Flips 1532/22500 Energy 1551 Cells 193 Inventory=193


INFO: Step 5340 Flips 1507/22500 Energy 327 Cells 193 Inventory=193


INFO: Step 5350 Flips 1564/22500 Energy 364 Cells 193 Inventory=193


INFO: Step 5360 Flips 1472/22500 Energy -515 Cells 193 Inventory=193


INFO: Step 5370 Flips 1535/22500 Energy 358 Cells 193 Inventory=193


INFO: Step 5380 Flips 1453/22500 Energy -615 Cells 193 Inventory=193


INFO: Step 5390 Flips 1522/22500 Energy 759 Cells 193 Inventory=193


INFO: Step 5400 Flips 1422/22500 Energy -538 Cells 193 Inventory=193


INFO: Step 5410 Flips 1461/22500 Energy 1384 Cells 193 Inventory=193


INFO: Step 5420 Flips 1487/22500 Energy -1138 Cells 193 Inventory=193


INFO: Step 5430 Flips 1474/22500 Energy -123 Cells 193 Inventory=193


INFO: Step 5440 Flips 1515/22500 Energy -841 Cells 193 Inventory=193


INFO: Step 5450 Flips 1520/22500 Energy 1598 Cells 193 Inventory=193


INFO: Step 5460 Flips 1571/22500 Energy -1633 Cells 193 Inventory=193


INFO: Step 5470 Flips 1520/22500 Energy -1073 Cells 193 Inventory=193


INFO: Step 5480 Flips 1538/22500 Energy -403 Cells 193 Inventory=193


INFO: Step 5490 Flips 1376/22500 Energy -463 Cells 193 Inventory=193


INFO: Step 5500 Flips 1512/22500 Energy -296 Cells 193 Inventory=193


INFO: Step 5510 Flips 1566/22500 Energy 1804 Cells 193 Inventory=193


INFO: Step 5520 Flips 1476/22500 Energy -1717 Cells 193 Inventory=193


INFO: Step 5530 Flips 1404/22500 Energy 171 Cells 193 Inventory=193


INFO: Step 5540 Flips 1513/22500 Energy 968 Cells 193 Inventory=193


INFO: Step 5550 Flips 1490/22500 Energy 894 Cells 193 Inventory=193


INFO: Step 5560 Flips 1540/22500 Energy 1406 Cells 193 Inventory=193


INFO: Step 5570 Flips 1507/22500 Energy -104 Cells 193 Inventory=193


INFO: Step 5580 Flips 1470/22500 Energy 655 Cells 193 Inventory=193


INFO: Step 5590 Flips 1445/22500 Energy -692 Cells 193 Inventory=193


INFO: Step 5600 Flips 1498/22500 Energy -717 Cells 193 Inventory=193


INFO: Step 5610 Flips 1470/22500 Energy -712 Cells 193 Inventory=193


INFO: Step 5620 Flips 1479/22500 Energy -110 Cells 193 Inventory=193


INFO: Step 5630 Flips 1433/22500 Energy 146 Cells 193 Inventory=193


INFO: Step 5640 Flips 1557/22500 Energy 133 Cells 193 Inventory=193


INFO: Step 5650 Flips 1563/22500 Energy -798 Cells 193 Inventory=193


INFO: Step 5660 Flips 1532/22500 Energy 421 Cells 193 Inventory=193


INFO: Step 5670 Flips 1473/22500 Energy -625 Cells 193 Inventory=193


INFO: Step 5680 Flips 1493/22500 Energy -2426 Cells 193 Inventory=193


INFO: Step 5690 Flips 1536/22500 Energy -1762 Cells 193 Inventory=193


INFO: Step 5700 Flips 1508/22500 Energy -16 Cells 193 Inventory=193


INFO: Step 5710 Flips 1489/22500 Energy 579 Cells 193 Inventory=193


INFO: Step 5720 Flips 1524/22500 Energy -1063 Cells 193 Inventory=193


INFO: Step 5730 Flips 1541/22500 Energy -504 Cells 193 Inventory=193


INFO: Step 5740 Flips 1500/22500 Energy -442 Cells 193 Inventory=193


INFO: Step 5750 Flips 1484/22500 Energy 232 Cells 193 Inventory=193


INFO: Step 5760 Flips 1443/22500 Energy 85 Cells 193 Inventory=193


INFO: Step 5770 Flips 1517/22500 Energy -202 Cells 193 Inventory=193


INFO: Step 5780 Flips 1521/22500 Energy -720 Cells 193 Inventory=193


INFO: Step 5790 Flips 1423/22500 Energy -713 Cells 193 Inventory=193


INFO: Step 5800 Flips 1526/22500 Energy 1605 Cells 193 Inventory=193


INFO: Step 5810 Flips 1499/22500 Energy 667 Cells 193 Inventory=193


INFO: Step 5820 Flips 1533/22500 Energy 68 Cells 193 Inventory=193


INFO: Step 5830 Flips 1453/22500 Energy 394 Cells 193 Inventory=193


INFO: Step 5840 Flips 1529/22500 Energy -703 Cells 193 Inventory=193


INFO: Step 5850 Flips 1515/22500 Energy -306 Cells 193 Inventory=193


INFO: Step 5860 Flips 1509/22500 Energy -1940 Cells 193 Inventory=193


INFO: Step 5870 Flips 1473/22500 Energy -848 Cells 193 Inventory=193


INFO: Step 5880 Flips 1474/22500 Energy -748 Cells 193 Inventory=193


INFO: Step 5890 Flips 1437/22500 Energy 1862 Cells 193 Inventory=193


INFO: Step 5900 Flips 1416/22500 Energy -87 Cells 193 Inventory=193


INFO: Step 5910 Flips 1469/22500 Energy -99 Cells 193 Inventory=193


INFO: Step 5920 Flips 1426/22500 Energy -173 Cells 193 Inventory=193


INFO: Step 5930 Flips 1414/22500 Energy 189 Cells 193 Inventory=193


INFO: Step 5940 Flips 1469/22500 Energy -79 Cells 193 Inventory=193


INFO: Step 5950 Flips 1492/22500 Energy -328 Cells 193 Inventory=193


INFO: Step 5960 Flips 1436/22500 Energy -188 Cells 193 Inventory=193


INFO: Step 5970 Flips 1477/22500 Energy -1166 Cells 193 Inventory=193


INFO: Step 5980 Flips 1461/22500 Energy 526 Cells 193 Inventory=193


INFO: Step 5990 Flips 1493/22500 Energy -662 Cells 193 Inventory=193


INFO: Step 6000 Flips 1427/22500 Energy 950 Cells 193 Inventory=193


INFO: Step 6010 Flips 1504/22500 Energy 597 Cells 193 Inventory=193


INFO: Step 6020 Flips 1440/22500 Energy -1487 Cells 193 Inventory=193


INFO: Step 6030 Flips 1408/22500 Energy -539 Cells 193 Inventory=193


INFO: Step 6040 Flips 1465/22500 Energy -1166 Cells 193 Inventory=193


INFO: Step 6050 Flips 1447/22500 Energy -381 Cells 193 Inventory=193


INFO: Step 6060 Flips 1435/22500 Energy -773 Cells 193 Inventory=193


INFO: Step 6070 Flips 1508/22500 Energy -264 Cells 193 Inventory=193


INFO: Step 6080 Flips 1569/22500 Energy -658 Cells 193 Inventory=193


INFO: Step 6090 Flips 1469/22500 Energy -159 Cells 193 Inventory=193


INFO: Step 6100 Flips 1389/22500 Energy 287 Cells 193 Inventory=193


INFO: Step 6110 Flips 1520/22500 Energy -700 Cells 193 Inventory=193


INFO: Step 6120 Flips 1601/22500 Energy 308 Cells 193 Inventory=193


INFO: Step 6130 Flips 1466/22500 Energy -431 Cells 193 Inventory=193


INFO: Step 6140 Flips 1481/22500 Energy 277 Cells 193 Inventory=193


INFO: Step 6150 Flips 1453/22500 Energy -878 Cells 193 Inventory=193


INFO: Step 6160 Flips 1453/22500 Energy 1033 Cells 193 Inventory=193


INFO: Step 6170 Flips 1490/22500 Energy 776 Cells 193 Inventory=193


INFO: Step 6180 Flips 1539/22500 Energy -13 Cells 193 Inventory=193


INFO: Step 6190 Flips 1529/22500 Energy 588 Cells 193 Inventory=193


INFO: Step 6200 Flips 1591/22500 Energy 360 Cells 193 Inventory=193


INFO: Step 6210 Flips 1470/22500 Energy -386 Cells 193 Inventory=193


INFO: Step 6220 Flips 1550/22500 Energy 1434 Cells 193 Inventory=193


INFO: Step 6230 Flips 1460/22500 Energy 466 Cells 193 Inventory=193


INFO: Step 6240 Flips 1532/22500 Energy -801 Cells 193 Inventory=193


INFO: Step 6250 Flips 1571/22500 Energy 434 Cells 193 Inventory=193


INFO: Step 6260 Flips 1434/22500 Energy -237 Cells 193 Inventory=193


INFO: Step 6270 Flips 1546/22500 Energy 1044 Cells 193 Inventory=193


INFO: Step 6280 Flips 1523/22500 Energy -71 Cells 193 Inventory=193


INFO: Step 6290 Flips 1519/22500 Energy -920 Cells 193 Inventory=193


INFO: Step 6300 Flips 1521/22500 Energy -193 Cells 193 Inventory=193


INFO: Step 6310 Flips 1417/22500 Energy -65 Cells 193 Inventory=193


INFO: Step 6320 Flips 1590/22500 Energy 1190 Cells 193 Inventory=193


INFO: Step 6330 Flips 1515/22500 Energy 533 Cells 193 Inventory=193


INFO: Step 6340 Flips 1451/22500 Energy -45 Cells 193 Inventory=193


INFO: Step 6350 Flips 1463/22500 Energy -1274 Cells 193 Inventory=193


INFO: Step 6360 Flips 1493/22500 Energy 816 Cells 193 Inventory=193


INFO: Step 6370 Flips 1426/22500 Energy -1063 Cells 193 Inventory=193


INFO: Step 6380 Flips 1448/22500 Energy 780 Cells 193 Inventory=193


INFO: Step 6390 Flips 1441/22500 Energy -445 Cells 193 Inventory=193


INFO: Step 6400 Flips 1424/22500 Energy -1011 Cells 193 Inventory=193


INFO: Step 6410 Flips 1500/22500 Energy -167 Cells 193 Inventory=193


INFO: Step 6420 Flips 1446/22500 Energy 892 Cells 193 Inventory=193


INFO: Step 6430 Flips 1427/22500 Energy -559 Cells 193 Inventory=193


INFO: Step 6440 Flips 1591/22500 Energy 1517 Cells 193 Inventory=193


INFO: Step 6450 Flips 1466/22500 Energy 558 Cells 193 Inventory=193


INFO: Step 6460 Flips 1498/22500 Energy -912 Cells 193 Inventory=193


INFO: Step 6470 Flips 1458/22500 Energy -755 Cells 193 Inventory=193


INFO: Step 6480 Flips 1455/22500 Energy -376 Cells 193 Inventory=193


INFO: Step 6490 Flips 1516/22500 Energy -681 Cells 193 Inventory=193


INFO: Step 6500 Flips 1534/22500 Energy -263 Cells 193 Inventory=193


INFO: Step 6510 Flips 1468/22500 Energy -799 Cells 193 Inventory=193


INFO: Step 6520 Flips 1492/22500 Energy 1036 Cells 193 Inventory=193


INFO: Step 6530 Flips 1438/22500 Energy 250 Cells 193 Inventory=193


INFO: Step 6540 Flips 1442/22500 Energy 28 Cells 193 Inventory=193


INFO: Step 6550 Flips 1503/22500 Energy -570 Cells 193 Inventory=193


INFO: Step 6560 Flips 1447/22500 Energy 149 Cells 193 Inventory=193


INFO: Step 6570 Flips 1481/22500 Energy -641 Cells 193 Inventory=193


INFO: Step 6580 Flips 1466/22500 Energy -722 Cells 193 Inventory=193


INFO: Step 6590 Flips 1478/22500 Energy -317 Cells 193 Inventory=193


INFO: Step 6600 Flips 1501/22500 Energy -107 Cells 193 Inventory=193


INFO: Step 6610 Flips 1465/22500 Energy -477 Cells 193 Inventory=193


INFO: Step 6620 Flips 1462/22500 Energy 654 Cells 193 Inventory=193


INFO: Step 6630 Flips 1484/22500 Energy 1364 Cells 193 Inventory=193


INFO: Step 6640 Flips 1489/22500 Energy 778 Cells 193 Inventory=193


INFO: Step 6650 Flips 1488/22500 Energy 755 Cells 193 Inventory=193


INFO: Step 6660 Flips 1489/22500 Energy 1204 Cells 193 Inventory=193


INFO: Step 6670 Flips 1472/22500 Energy 923 Cells 193 Inventory=193


INFO: Step 6680 Flips 1498/22500 Energy 377 Cells 193 Inventory=193


INFO: Step 6690 Flips 1439/22500 Energy 1086 Cells 193 Inventory=193


INFO: Step 6700 Flips 1401/22500 Energy 1338 Cells 193 Inventory=193


INFO: Step 6710 Flips 1483/22500 Energy -796 Cells 193 Inventory=193


INFO: Step 6720 Flips 1465/22500 Energy -929 Cells 193 Inventory=193


INFO: Step 6730 Flips 1510/22500 Energy -711 Cells 193 Inventory=193


INFO: Step 6740 Flips 1449/22500 Energy 441 Cells 193 Inventory=193


INFO: Step 6750 Flips 1495/22500 Energy 319 Cells 193 Inventory=193


INFO: Step 6760 Flips 1473/22500 Energy -465 Cells 193 Inventory=193


INFO: Step 6770 Flips 1464/22500 Energy -951 Cells 193 Inventory=193


INFO: Step 6780 Flips 1365/22500 Energy 292 Cells 193 Inventory=193


INFO: Step 6790 Flips 1453/22500 Energy -543 Cells 193 Inventory=193


INFO: Step 6800 Flips 1460/22500 Energy -600 Cells 193 Inventory=193


INFO: Step 6810 Flips 1547/22500 Energy 890 Cells 193 Inventory=193


INFO: Step 6820 Flips 1530/22500 Energy 596 Cells 193 Inventory=193


INFO: Step 6830 Flips 1501/22500 Energy 419 Cells 193 Inventory=193


INFO: Step 6840 Flips 1443/22500 Energy -5 Cells 193 Inventory=193


INFO: Step 6850 Flips 1560/22500 Energy -1991 Cells 193 Inventory=193


INFO: Step 6860 Flips 1486/22500 Energy 441 Cells 193 Inventory=193


INFO: Step 6870 Flips 1446/22500 Energy 224 Cells 193 Inventory=193


INFO: Step 6880 Flips 1445/22500 Energy -365 Cells 193 Inventory=193


INFO: Step 6890 Flips 1585/22500 Energy 714 Cells 193 Inventory=193


INFO: Step 6900 Flips 1413/22500 Energy -594 Cells 193 Inventory=193


INFO: Step 6910 Flips 1466/22500 Energy 97 Cells 193 Inventory=193


INFO: Step 6920 Flips 1494/22500 Energy 450 Cells 193 Inventory=193


INFO: Step 6930 Flips 1570/22500 Energy 203 Cells 193 Inventory=193


INFO: Step 6940 Flips 1530/22500 Energy -1309 Cells 193 Inventory=193


INFO: Step 6950 Flips 1559/22500 Energy 488 Cells 193 Inventory=193


INFO: Step 6960 Flips 1497/22500 Energy -1226 Cells 193 Inventory=193


INFO: Step 6970 Flips 1440/22500 Energy -641 Cells 193 Inventory=193


INFO: Step 6980 Flips 1575/22500 Energy 371 Cells 193 Inventory=193


INFO: Step 6990 Flips 1477/22500 Energy -95 Cells 193 Inventory=193


INFO: Step 7000 Flips 1467/22500 Energy -407 Cells 193 Inventory=193


INFO: Step 7010 Flips 1589/22500 Energy 90 Cells 193 Inventory=193


INFO: Step 7020 Flips 1557/22500 Energy -162 Cells 193 Inventory=193


INFO: Step 7030 Flips 1480/22500 Energy -1026 Cells 193 Inventory=193


INFO: Step 7040 Flips 1463/22500 Energy -140 Cells 193 Inventory=193


INFO: Step 7050 Flips 1436/22500 Energy -289 Cells 193 Inventory=193


INFO: Step 7060 Flips 1431/22500 Energy -1119 Cells 193 Inventory=193


INFO: Step 7070 Flips 1482/22500 Energy 294 Cells 193 Inventory=193


INFO: Step 7080 Flips 1428/22500 Energy -432 Cells 193 Inventory=193


INFO: Step 7090 Flips 1538/22500 Energy -1394 Cells 193 Inventory=193


INFO: Step 7100 Flips 1446/22500 Energy -907 Cells 193 Inventory=193


INFO: Step 7110 Flips 1456/22500 Energy 497 Cells 193 Inventory=193


INFO: Step 7120 Flips 1487/22500 Energy -461 Cells 193 Inventory=193


INFO: Step 7130 Flips 1404/22500 Energy -1384 Cells 193 Inventory=193


INFO: Step 7140 Flips 1516/22500 Energy -91 Cells 193 Inventory=193


INFO: Step 7150 Flips 1451/22500 Energy -920 Cells 193 Inventory=193


INFO: Step 7160 Flips 1484/22500 Energy -315 Cells 193 Inventory=193


INFO: Step 7170 Flips 1451/22500 Energy 2005 Cells 193 Inventory=193


INFO: Step 7180 Flips 1505/22500 Energy 77 Cells 193 Inventory=193


INFO: Step 7190 Flips 1513/22500 Energy 80 Cells 193 Inventory=193


INFO: Step 7200 Flips 1517/22500 Energy -1733 Cells 193 Inventory=193


INFO: Step 7210 Flips 1520/22500 Energy 727 Cells 193 Inventory=193


INFO: Step 7220 Flips 1508/22500 Energy -21 Cells 193 Inventory=193


INFO: Step 7230 Flips 1462/22500 Energy -1899 Cells 193 Inventory=193


INFO: Step 7240 Flips 1436/22500 Energy 873 Cells 193 Inventory=193


INFO: Step 7250 Flips 1527/22500 Energy -1564 Cells 193 Inventory=193


INFO: Step 7260 Flips 1377/22500 Energy 590 Cells 193 Inventory=193


INFO: Step 7270 Flips 1467/22500 Energy -20 Cells 193 Inventory=193


INFO: Step 7280 Flips 1472/22500 Energy -227 Cells 193 Inventory=193


INFO: Step 7290 Flips 1476/22500 Energy 40 Cells 193 Inventory=193


INFO: Step 7300 Flips 1469/22500 Energy -772 Cells 193 Inventory=193


INFO: Step 7310 Flips 1445/22500 Energy 680 Cells 193 Inventory=193


INFO: Step 7320 Flips 1430/22500 Energy 65 Cells 193 Inventory=193


INFO: Step 7330 Flips 1436/22500 Energy 82 Cells 193 Inventory=193


INFO: Step 7340 Flips 1546/22500 Energy -846 Cells 193 Inventory=193


INFO: Step 7350 Flips 1476/22500 Energy -2290 Cells 193 Inventory=193


INFO: Step 7360 Flips 1487/22500 Energy 746 Cells 193 Inventory=193


INFO: Step 7370 Flips 1462/22500 Energy -64 Cells 193 Inventory=193


INFO: Step 7380 Flips 1534/22500 Energy -702 Cells 193 Inventory=193


INFO: Step 7390 Flips 1570/22500 Energy 408 Cells 193 Inventory=193


INFO: Step 7400 Flips 1451/22500 Energy 940 Cells 193 Inventory=193


INFO: Step 7410 Flips 1377/22500 Energy -1814 Cells 193 Inventory=193


INFO: Step 7420 Flips 1453/22500 Energy -1008 Cells 193 Inventory=193


INFO: Step 7430 Flips 1504/22500 Energy 683 Cells 193 Inventory=193


INFO: Step 7440 Flips 1354/22500 Energy 20 Cells 193 Inventory=193


INFO: Step 7450 Flips 1509/22500 Energy 1607 Cells 193 Inventory=193


INFO: Step 7460 Flips 1532/22500 Energy 242 Cells 193 Inventory=193


INFO: Step 7470 Flips 1514/22500 Energy -1401 Cells 193 Inventory=193


INFO: Step 7480 Flips 1410/22500 Energy 365 Cells 193 Inventory=193


INFO: Step 7490 Flips 1514/22500 Energy -738 Cells 193 Inventory=193


INFO: Step 7500 Flips 1474/22500 Energy -856 Cells 193 Inventory=193


INFO: Step 7510 Flips 1528/22500 Energy -1575 Cells 193 Inventory=193


INFO: Step 7520 Flips 1467/22500 Energy -224 Cells 193 Inventory=193


INFO: Step 7530 Flips 1484/22500 Energy 263 Cells 193 Inventory=193


INFO: Step 7540 Flips 1446/22500 Energy -891 Cells 193 Inventory=193


INFO: Step 7550 Flips 1549/22500 Energy -335 Cells 193 Inventory=193


INFO: Step 7560 Flips 1474/22500 Energy 55 Cells 193 Inventory=193


INFO: Step 7570 Flips 1506/22500 Energy -276 Cells 193 Inventory=193


INFO: Step 7580 Flips 1443/22500 Energy -756 Cells 193 Inventory=193


INFO: Step 7590 Flips 1467/22500 Energy -225 Cells 193 Inventory=193


INFO: Step 7600 Flips 1445/22500 Energy -988 Cells 193 Inventory=193


INFO: Step 7610 Flips 1414/22500 Energy 196 Cells 193 Inventory=193


INFO: Step 7620 Flips 1572/22500 Energy 240 Cells 193 Inventory=193


INFO: Step 7630 Flips 1503/22500 Energy -112 Cells 193 Inventory=193


INFO: Step 7640 Flips 1455/22500 Energy 10 Cells 193 Inventory=193


INFO: Step 7650 Flips 1515/22500 Energy -631 Cells 193 Inventory=193


INFO: Step 7660 Flips 1430/22500 Energy -818 Cells 193 Inventory=193


INFO: Step 7670 Flips 1539/22500 Energy -144 Cells 193 Inventory=193


INFO: Step 7680 Flips 1505/22500 Energy -8 Cells 193 Inventory=193


INFO: Step 7690 Flips 1478/22500 Energy 606 Cells 193 Inventory=193


INFO: Step 7700 Flips 1541/22500 Energy -58 Cells 193 Inventory=193


INFO: Step 7710 Flips 1518/22500 Energy 386 Cells 193 Inventory=193


INFO: Step 7720 Flips 1463/22500 Energy -1708 Cells 193 Inventory=193


INFO: Step 7730 Flips 1492/22500 Energy -661 Cells 193 Inventory=193


INFO: Step 7740 Flips 1511/22500 Energy 49 Cells 193 Inventory=193


INFO: Step 7750 Flips 1515/22500 Energy 646 Cells 193 Inventory=193


INFO: Step 7760 Flips 1495/22500 Energy -871 Cells 193 Inventory=193


INFO: Step 7770 Flips 1550/22500 Energy 621 Cells 193 Inventory=193


INFO: Step 7780 Flips 1504/22500 Energy 1303 Cells 193 Inventory=193


INFO: Step 7790 Flips 1476/22500 Energy -1126 Cells 193 Inventory=193


INFO: Step 7800 Flips 1553/22500 Energy -254 Cells 193 Inventory=193


INFO: Step 7810 Flips 1515/22500 Energy 528 Cells 193 Inventory=193


INFO: Step 7820 Flips 1497/22500 Energy -1272 Cells 193 Inventory=193


INFO: Step 7830 Flips 1620/22500 Energy -338 Cells 193 Inventory=193


INFO: Step 7840 Flips 1545/22500 Energy 2008 Cells 193 Inventory=193


INFO: Step 7850 Flips 1424/22500 Energy -550 Cells 193 Inventory=193


INFO: Step 7860 Flips 1463/22500 Energy 749 Cells 193 Inventory=193


INFO: Step 7870 Flips 1489/22500 Energy -743 Cells 193 Inventory=193


INFO: Step 7880 Flips 1504/22500 Energy 1144 Cells 193 Inventory=193


INFO: Step 7890 Flips 1432/22500 Energy -1338 Cells 193 Inventory=193


INFO: Step 7900 Flips 1473/22500 Energy -1113 Cells 193 Inventory=193


INFO: Step 7910 Flips 1545/22500 Energy 580 Cells 193 Inventory=193


INFO: Step 7920 Flips 1472/22500 Energy -595 Cells 193 Inventory=193


INFO: Step 7930 Flips 1504/22500 Energy 1021 Cells 193 Inventory=193


INFO: Step 7940 Flips 1526/22500 Energy -1953 Cells 193 Inventory=193


INFO: Step 7950 Flips 1447/22500 Energy -1743 Cells 193 Inventory=193


INFO: Step 7960 Flips 1506/22500 Energy 307 Cells 193 Inventory=193


INFO: Step 7970 Flips 1473/22500 Energy 367 Cells 193 Inventory=193


INFO: Step 7980 Flips 1512/22500 Energy -713 Cells 193 Inventory=193


INFO: Step 7990 Flips 1545/22500 Energy 332 Cells 193 Inventory=193


INFO: Step 8000 Flips 1466/22500 Energy -947 Cells 193 Inventory=193


INFO: Step 8010 Flips 1446/22500 Energy -1058 Cells 193 Inventory=193


INFO: Step 8020 Flips 1439/22500 Energy 1353 Cells 193 Inventory=193


INFO: Step 8030 Flips 1555/22500 Energy -1224 Cells 193 Inventory=193


INFO: Step 8040 Flips 1530/22500 Energy 932 Cells 193 Inventory=193


INFO: Step 8050 Flips 1526/22500 Energy -1090 Cells 193 Inventory=193


INFO: Step 8060 Flips 1400/22500 Energy -147 Cells 193 Inventory=193


INFO: Step 8070 Flips 1540/22500 Energy 1682 Cells 193 Inventory=193


INFO: Step 8080 Flips 1479/22500 Energy 1213 Cells 193 Inventory=193


INFO: Step 8090 Flips 1479/22500 Energy -830 Cells 193 Inventory=193


INFO: Step 8100 Flips 1499/22500 Energy 1020 Cells 193 Inventory=193


INFO: Step 8110 Flips 1478/22500 Energy 412 Cells 193 Inventory=193


INFO: Step 8120 Flips 1442/22500 Energy -511 Cells 193 Inventory=193


INFO: Step 8130 Flips 1479/22500 Energy 211 Cells 193 Inventory=193


INFO: Step 8140 Flips 1473/22500 Energy -255 Cells 193 Inventory=193


INFO: Step 8150 Flips 1526/22500 Energy 776 Cells 193 Inventory=193


INFO: Step 8160 Flips 1524/22500 Energy 1718 Cells 193 Inventory=193


INFO: Step 8170 Flips 1435/22500 Energy -149 Cells 193 Inventory=193


INFO: Step 8180 Flips 1467/22500 Energy 1327 Cells 193 Inventory=193


INFO: Step 8190 Flips 1466/22500 Energy -453 Cells 193 Inventory=193


INFO: Step 8200 Flips 1530/22500 Energy -123 Cells 193 Inventory=193


INFO: Step 8210 Flips 1419/22500 Energy -221 Cells 193 Inventory=193


INFO: Step 8220 Flips 1535/22500 Energy -982 Cells 193 Inventory=193


INFO: Step 8230 Flips 1510/22500 Energy 537 Cells 193 Inventory=193


INFO: Step 8240 Flips 1472/22500 Energy -417 Cells 193 Inventory=193


INFO: Step 8250 Flips 1412/22500 Energy 1019 Cells 193 Inventory=193


INFO: Step 8260 Flips 1511/22500 Energy -461 Cells 193 Inventory=193


INFO: Step 8270 Flips 1543/22500 Energy 464 Cells 193 Inventory=193


INFO: Step 8280 Flips 1532/22500 Energy 1196 Cells 193 Inventory=193


INFO: Step 8290 Flips 1476/22500 Energy 706 Cells 193 Inventory=193


INFO: Step 8300 Flips 1497/22500 Energy 704 Cells 193 Inventory=193


INFO: Step 8310 Flips 1470/22500 Energy -860 Cells 193 Inventory=193


INFO: Step 8320 Flips 1447/22500 Energy -1258 Cells 193 Inventory=193


INFO: Step 8330 Flips 1524/22500 Energy 185 Cells 193 Inventory=193


INFO: Step 8340 Flips 1454/22500 Energy -596 Cells 193 Inventory=193


INFO: Step 8350 Flips 1451/22500 Energy -159 Cells 193 Inventory=193


INFO: Step 8360 Flips 1516/22500 Energy 993 Cells 193 Inventory=193


INFO: Step 8370 Flips 1554/22500 Energy 1243 Cells 193 Inventory=193


INFO: Step 8380 Flips 1488/22500 Energy 1546 Cells 193 Inventory=193


INFO: Step 8390 Flips 1475/22500 Energy -95 Cells 193 Inventory=193


INFO: Step 8400 Flips 1435/22500 Energy 234 Cells 193 Inventory=193


INFO: Step 8410 Flips 1580/22500 Energy 1554 Cells 193 Inventory=193


INFO: Step 8420 Flips 1457/22500 Energy 625 Cells 193 Inventory=193


INFO: Step 8430 Flips 1450/22500 Energy -607 Cells 193 Inventory=193


INFO: Step 8440 Flips 1528/22500 Energy 15 Cells 193 Inventory=193


INFO: Step 8450 Flips 1337/22500 Energy -392 Cells 193 Inventory=193


INFO: Step 8460 Flips 1457/22500 Energy -86 Cells 193 Inventory=193


INFO: Step 8470 Flips 1459/22500 Energy -311 Cells 193 Inventory=193


INFO: Step 8480 Flips 1456/22500 Energy -93 Cells 193 Inventory=193


INFO: Step 8490 Flips 1559/22500 Energy -59 Cells 193 Inventory=193


INFO: Step 8500 Flips 1491/22500 Energy 511 Cells 193 Inventory=193


INFO: Step 8510 Flips 1513/22500 Energy 1039 Cells 193 Inventory=193


INFO: Step 8520 Flips 1459/22500 Energy 1292 Cells 193 Inventory=193


INFO: Step 8530 Flips 1485/22500 Energy -358 Cells 193 Inventory=193


INFO: Step 8540 Flips 1495/22500 Energy -556 Cells 193 Inventory=193


INFO: Step 8550 Flips 1480/22500 Energy -764 Cells 193 Inventory=193


INFO: Step 8560 Flips 1466/22500 Energy 338 Cells 193 Inventory=193


INFO: Step 8570 Flips 1433/22500 Energy -608 Cells 193 Inventory=193


INFO: Step 8580 Flips 1586/22500 Energy 151 Cells 193 Inventory=193


INFO: Step 8590 Flips 1500/22500 Energy -1518 Cells 193 Inventory=193


INFO: Step 8600 Flips 1524/22500 Energy 1178 Cells 193 Inventory=193


INFO: Step 8610 Flips 1544/22500 Energy -273 Cells 193 Inventory=193


INFO: Step 8620 Flips 1436/22500 Energy -952 Cells 193 Inventory=193


INFO: Step 8630 Flips 1557/22500 Energy -13 Cells 193 Inventory=193


INFO: Step 8640 Flips 1495/22500 Energy -1 Cells 193 Inventory=193


INFO: Step 8650 Flips 1426/22500 Energy 847 Cells 193 Inventory=193


INFO: Step 8660 Flips 1517/22500 Energy -128 Cells 193 Inventory=193


INFO: Step 8670 Flips 1484/22500 Energy -1008 Cells 193 Inventory=193


INFO: Step 8680 Flips 1456/22500 Energy -713 Cells 193 Inventory=193


INFO: Step 8690 Flips 1466/22500 Energy -114 Cells 193 Inventory=193


INFO: Step 8700 Flips 1571/22500 Energy -467 Cells 193 Inventory=193


INFO: Step 8710 Flips 1571/22500 Energy 2024 Cells 193 Inventory=193


INFO: Step 8720 Flips 1484/22500 Energy -972 Cells 193 Inventory=193


INFO: Step 8730 Flips 1447/22500 Energy 963 Cells 193 Inventory=193


INFO: Step 8740 Flips 1464/22500 Energy -560 Cells 193 Inventory=193


INFO: Step 8750 Flips 1544/22500 Energy -820 Cells 193 Inventory=193


INFO: Step 8760 Flips 1562/22500 Energy -494 Cells 193 Inventory=193


INFO: Step 8770 Flips 1535/22500 Energy 820 Cells 193 Inventory=193


INFO: Step 8780 Flips 1555/22500 Energy 1974 Cells 193 Inventory=193


INFO: Step 8790 Flips 1482/22500 Energy -114 Cells 193 Inventory=193


INFO: Step 8800 Flips 1565/22500 Energy -1798 Cells 193 Inventory=193


INFO: Step 8810 Flips 1390/22500 Energy 347 Cells 193 Inventory=193


INFO: Step 8820 Flips 1452/22500 Energy 155 Cells 193 Inventory=193


INFO: Step 8830 Flips 1551/22500 Energy -565 Cells 193 Inventory=193


INFO: Step 8840 Flips 1441/22500 Energy -798 Cells 193 Inventory=193


INFO: Step 8850 Flips 1443/22500 Energy 159 Cells 193 Inventory=193


INFO: Step 8860 Flips 1439/22500 Energy 738 Cells 193 Inventory=193


INFO: Step 8870 Flips 1470/22500 Energy 970 Cells 193 Inventory=193


INFO: Step 8880 Flips 1476/22500 Energy 981 Cells 193 Inventory=193


INFO: Step 8890 Flips 1507/22500 Energy -441 Cells 193 Inventory=193


INFO: Step 8900 Flips 1447/22500 Energy -1156 Cells 193 Inventory=193


INFO: Step 8910 Flips 1525/22500 Energy 518 Cells 193 Inventory=193


INFO: Step 8920 Flips 1578/22500 Energy 318 Cells 193 Inventory=193


INFO: Step 8930 Flips 1500/22500 Energy 1263 Cells 193 Inventory=193


INFO: Step 8940 Flips 1541/22500 Energy 307 Cells 193 Inventory=193


INFO: Step 8950 Flips 1483/22500 Energy 2095 Cells 193 Inventory=193


INFO: Step 8960 Flips 1560/22500 Energy 1957 Cells 193 Inventory=193


INFO: Step 8970 Flips 1499/22500 Energy -89 Cells 193 Inventory=193


INFO: Step 8980 Flips 1525/22500 Energy -1548 Cells 193 Inventory=193


INFO: Step 8990 Flips 1522/22500 Energy 855 Cells 193 Inventory=193


INFO: Step 9000 Flips 1461/22500 Energy 417 Cells 193 Inventory=193


INFO: Step 9010 Flips 1492/22500 Energy -30 Cells 193 Inventory=193


INFO: Step 9020 Flips 1450/22500 Energy 123 Cells 193 Inventory=193


INFO: Step 9030 Flips 1459/22500 Energy -1062 Cells 193 Inventory=193


INFO: Step 9040 Flips 1460/22500 Energy 2046 Cells 193 Inventory=193


INFO: Step 9050 Flips 1584/22500 Energy 242 Cells 193 Inventory=193


INFO: Step 9060 Flips 1498/22500 Energy -598 Cells 193 Inventory=193


INFO: Step 9070 Flips 1514/22500 Energy -200 Cells 193 Inventory=193


INFO: Step 9080 Flips 1469/22500 Energy -73 Cells 193 Inventory=193


INFO: Step 9090 Flips 1498/22500 Energy 145 Cells 193 Inventory=193


INFO: Step 9100 Flips 1475/22500 Energy 516 Cells 193 Inventory=193


INFO: Step 9110 Flips 1464/22500 Energy -354 Cells 193 Inventory=193


INFO: Step 9120 Flips 1504/22500 Energy -950 Cells 193 Inventory=193


INFO: Step 9130 Flips 1507/22500 Energy 68 Cells 193 Inventory=193


INFO: Step 9140 Flips 1517/22500 Energy 655 Cells 193 Inventory=193


INFO: Step 9150 Flips 1510/22500 Energy 88 Cells 193 Inventory=193


INFO: Step 9160 Flips 1510/22500 Energy -790 Cells 193 Inventory=193


INFO: Step 9170 Flips 1497/22500 Energy 331 Cells 193 Inventory=193


INFO: Step 9180 Flips 1471/22500 Energy -727 Cells 193 Inventory=193


INFO: Step 9190 Flips 1572/22500 Energy -132 Cells 193 Inventory=193


INFO: Step 9200 Flips 1493/22500 Energy 292 Cells 193 Inventory=193


INFO: Step 9210 Flips 1445/22500 Energy -718 Cells 193 Inventory=193


INFO: Step 9220 Flips 1520/22500 Energy -1327 Cells 193 Inventory=193


INFO: Step 9230 Flips 1524/22500 Energy -332 Cells 193 Inventory=193


INFO: Step 9240 Flips 1424/22500 Energy 843 Cells 193 Inventory=193


INFO: Step 9250 Flips 1540/22500 Energy -483 Cells 193 Inventory=193


INFO: Step 9260 Flips 1474/22500 Energy -1002 Cells 193 Inventory=193


INFO: Step 9270 Flips 1482/22500 Energy -833 Cells 193 Inventory=193


INFO: Step 9280 Flips 1492/22500 Energy 2254 Cells 193 Inventory=193


INFO: Step 9290 Flips 1504/22500 Energy 359 Cells 193 Inventory=193


INFO: Step 9300 Flips 1561/22500 Energy 1302 Cells 193 Inventory=193


INFO: Step 9310 Flips 1488/22500 Energy 0 Cells 193 Inventory=193


INFO: Step 9320 Flips 1518/22500 Energy -916 Cells 193 Inventory=193


INFO: Step 9330 Flips 1473/22500 Energy 331 Cells 193 Inventory=193


INFO: Step 9340 Flips 1464/22500 Energy -354 Cells 193 Inventory=193


INFO: Step 9350 Flips 1499/22500 Energy -50 Cells 193 Inventory=193


INFO: Step 9360 Flips 1492/22500 Energy 219 Cells 193 Inventory=193


INFO: Step 9370 Flips 1572/22500 Energy 976 Cells 193 Inventory=193


INFO: Step 9380 Flips 1595/22500 Energy 337 Cells 193 Inventory=193


INFO: Step 9390 Flips 1567/22500 Energy -716 Cells 193 Inventory=193


INFO: Step 9400 Flips 1477/22500 Energy -891 Cells 193 Inventory=193


INFO: Step 9410 Flips 1496/22500 Energy 552 Cells 193 Inventory=193


INFO: Step 9420 Flips 1498/22500 Energy -376 Cells 193 Inventory=193


INFO: Step 9430 Flips 1482/22500 Energy -475 Cells 193 Inventory=193


INFO: Step 9440 Flips 1576/22500 Energy 2090 Cells 193 Inventory=193


INFO: Step 9450 Flips 1477/22500 Energy -1037 Cells 193 Inventory=193


INFO: Step 9460 Flips 1538/22500 Energy 1669 Cells 193 Inventory=193


INFO: Step 9470 Flips 1548/22500 Energy 127 Cells 193 Inventory=193


INFO: Step 9480 Flips 1497/22500 Energy -1708 Cells 193 Inventory=193


INFO: Step 9490 Flips 1469/22500 Energy 215 Cells 193 Inventory=193


INFO: Step 9500 Flips 1493/22500 Energy -824 Cells 193 Inventory=193


INFO: Step 9510 Flips 1498/22500 Energy -330 Cells 193 Inventory=193


INFO: Step 9520 Flips 1460/22500 Energy -1205 Cells 193 Inventory=193


INFO: Step 9530 Flips 1572/22500 Energy -243 Cells 193 Inventory=193


INFO: Step 9540 Flips 1483/22500 Energy 1479 Cells 193 Inventory=193


INFO: Step 9550 Flips 1462/22500 Energy -901 Cells 193 Inventory=193


INFO: Step 9560 Flips 1491/22500 Energy -676 Cells 193 Inventory=193


INFO: Step 9570 Flips 1475/22500 Energy 863 Cells 193 Inventory=193


INFO: Step 9580 Flips 1496/22500 Energy 910 Cells 193 Inventory=193


INFO: Step 9590 Flips 1491/22500 Energy 8 Cells 193 Inventory=193


INFO: Step 9600 Flips 1596/22500 Energy 1241 Cells 193 Inventory=193


INFO: Step 9610 Flips 1535/22500 Energy 996 Cells 193 Inventory=193


INFO: Step 9620 Flips 1528/22500 Energy 523 Cells 193 Inventory=193


INFO: Step 9630 Flips 1489/22500 Energy -339 Cells 193 Inventory=193


INFO: Step 9640 Flips 1517/22500 Energy -289 Cells 193 Inventory=193


INFO: Step 9650 Flips 1466/22500 Energy 162 Cells 193 Inventory=193


INFO: Step 9660 Flips 1406/22500 Energy -74 Cells 193 Inventory=193


INFO: Step 9670 Flips 1493/22500 Energy 947 Cells 193 Inventory=193


INFO: Step 9680 Flips 1531/22500 Energy -39 Cells 193 Inventory=193


INFO: Step 9690 Flips 1476/22500 Energy 1056 Cells 193 Inventory=193


INFO: Step 9700 Flips 1429/22500 Energy 1570 Cells 193 Inventory=193


INFO: Step 9710 Flips 1430/22500 Energy 5 Cells 193 Inventory=193


INFO: Step 9720 Flips 1516/22500 Energy -120 Cells 193 Inventory=193


INFO: Step 9730 Flips 1438/22500 Energy -457 Cells 193 Inventory=193


INFO: Step 9740 Flips 1388/22500 Energy -512 Cells 193 Inventory=193


INFO: Step 9750 Flips 1506/22500 Energy -449 Cells 193 Inventory=193


INFO: Step 9760 Flips 1552/22500 Energy -1167 Cells 193 Inventory=193


INFO: Step 9770 Flips 1518/22500 Energy 510 Cells 193 Inventory=193


INFO: Step 9780 Flips 1570/22500 Energy -1307 Cells 193 Inventory=193


INFO: Step 9790 Flips 1519/22500 Energy -812 Cells 193 Inventory=193


INFO: Step 9800 Flips 1533/22500 Energy 600 Cells 193 Inventory=193


INFO: Step 9810 Flips 1613/22500 Energy 431 Cells 193 Inventory=193


INFO: Step 9820 Flips 1481/22500 Energy -918 Cells 193 Inventory=193


INFO: Step 9830 Flips 1505/22500 Energy 399 Cells 193 Inventory=193


INFO: Step 9840 Flips 1399/22500 Energy -1139 Cells 193 Inventory=193


INFO: Step 9850 Flips 1488/22500 Energy 556 Cells 193 Inventory=193


INFO: Step 9860 Flips 1507/22500 Energy -875 Cells 193 Inventory=193


INFO: Step 9870 Flips 1498/22500 Energy 297 Cells 193 Inventory=193


INFO: Step 9880 Flips 1498/22500 Energy 1202 Cells 193 Inventory=193


INFO: Step 9890 Flips 1488/22500 Energy -1965 Cells 193 Inventory=193


INFO: Step 9900 Flips 1529/22500 Energy -861 Cells 193 Inventory=193


INFO: Step 9910 Flips 1456/22500 Energy -1138 Cells 193 Inventory=193


INFO: Step 9920 Flips 1466/22500 Energy 788 Cells 193 Inventory=193


INFO: Step 9930 Flips 1476/22500 Energy 651 Cells 193 Inventory=193


INFO: Step 9940 Flips 1469/22500 Energy -101 Cells 193 Inventory=193


INFO: Step 9950 Flips 1458/22500 Energy -386 Cells 193 Inventory=193


INFO: Step 9960 Flips 1474/22500 Energy -795 Cells 193 Inventory=193


INFO: Step 9970 Flips 1456/22500 Energy -753 Cells 193 Inventory=193


INFO: Step 9980 Flips 1553/22500 Energy -1559 Cells 193 Inventory=193


INFO: Step 9990 Flips 1523/22500 Energy 531 Cells 193 Inventory=193


